<?xml version="1.0" encoding="UTF-8" standalone="yes"?><!DOCTYPE report PUBLIC "-//JACOCO//DTD Report 1.1//EN" "report.dtd"><report name="kfirst"><sessioninfo id="Alex_Nevskiy-ea28ab12" start="1648904082264" dump="1648904085695"/><sessioninfo id="Alex_Nevskiy-e69d53ba" start="1648911054578" dump="1648911127232"/><sessioninfo id="Alex_Nevskiy-10f57d5" start="1648914029920" dump="1648914108154"/><sessioninfo id="Alex_Nevskiy-80dfa981" start="1648914283063" dump="1648914360038"/><sessioninfo id="Alex_Nevskiy-fc4dce4" start="1648917946130" dump="1648918019513"/><package name="lesson10/task1"><class name="lesson10/task1/Parser" sourcefilename="Regex.kt"><method name="&lt;init&gt;" desc="(Ljava/util/List;)V" line="106"><counter type="INSTRUCTION" missed="46" covered="0"/><counter type="LINE" missed="2" covered="0"/><counter type="COMPLEXITY" missed="1" covered="0"/><counter type="METHOD" missed="1" covered="0"/></method><method name="parse" desc="()Llesson10/task1/Expression;" line="110"><counter type="INSTRUCTION" missed="34" covered="0"/><counter type="BRANCH" missed="4" covered="0"/><counter type="LINE" missed="3" covered="0"/><counter type="COMPLEXITY" missed="3" covered="0"/><counter type="METHOD" missed="1" covered="0"/></method><method name="parseExpression" desc="()Llesson10/task1/Expression;" line="116"><counter type="INSTRUCTION" missed="56" covered="0"/><counter type="BRANCH" missed="6" covered="0"/><counter type="LINE" missed="8" covered="0"/><counter type="COMPLEXITY" missed="4" covered="0"/><counter type="METHOD" missed="1" covered="0"/></method><method name="parseItem" desc="()Llesson10/task1/Expression;" line="131"><counter type="INSTRUCTION" missed="56" covered="0"/><counter type="BRANCH" missed="6" covered="0"/><counter type="LINE" missed="8" covered="0"/><counter type="COMPLEXITY" missed="4" covered="0"/><counter type="METHOD" missed="1" covered="0"/></method><method name="parseFactor" desc="()Llesson10/task1/Expression;" line="146"><counter type="INSTRUCTION" missed="90" covered="0"/><counter type="BRANCH" missed="10" covered="0"/><counter type="LINE" missed="9" covered="0"/><counter type="COMPLEXITY" missed="7" covered="0"/><counter type="METHOD" missed="1" covered="0"/></method><method name="parseExponentiation$kfirst" desc="()Llesson10/task1/Expression;" line="169"><counter type="INSTRUCTION" missed="57" covered="0"/><counter type="BRANCH" missed="6" covered="0"/><counter type="LINE" missed="9" covered="0"/><counter type="COMPLEXITY" missed="4" covered="0"/><counter type="METHOD" missed="1" covered="0"/></method><counter type="INSTRUCTION" missed="339" covered="0"/><counter type="BRANCH" missed="32" covered="0"/><counter type="LINE" missed="39" covered="0"/><counter type="COMPLEXITY" missed="23" covered="0"/><counter type="METHOD" missed="6" covered="0"/><counter type="CLASS" missed="1" covered="0"/></class><class name="lesson10/task1/Expression$Negate" sourcefilename="Regex.kt"><method name="&lt;init&gt;" desc="(Llesson10/task1/Expression;)V" line="66"><counter type="INSTRUCTION" missed="10" covered="0"/><counter type="LINE" missed="1" covered="0"/><counter type="COMPLEXITY" missed="1" covered="0"/><counter type="METHOD" missed="1" covered="0"/></method><method name="getArg" desc="()Llesson10/task1/Expression;" line="66"><counter type="INSTRUCTION" missed="3" covered="0"/><counter type="LINE" missed="1" covered="0"/><counter type="COMPLEXITY" missed="1" covered="0"/><counter type="METHOD" missed="1" covered="0"/></method><counter type="INSTRUCTION" missed="13" covered="0"/><counter type="LINE" missed="1" covered="0"/><counter type="COMPLEXITY" missed="2" covered="0"/><counter type="METHOD" missed="2" covered="0"/><counter type="CLASS" missed="1" covered="0"/></class><class name="lesson10/task1/Expression$Constant" sourcefilename="Regex.kt"><method name="&lt;init&gt;" desc="(I)V" line="54"><counter type="INSTRUCTION" missed="7" covered="0"/><counter type="LINE" missed="1" covered="0"/><counter type="COMPLEXITY" missed="1" covered="0"/><counter type="METHOD" missed="1" covered="0"/></method><method name="getValue" desc="()I" line="54"><counter type="INSTRUCTION" missed="3" covered="0"/><counter type="LINE" missed="1" covered="0"/><counter type="COMPLEXITY" missed="1" covered="0"/><counter type="METHOD" missed="1" covered="0"/></method><counter type="INSTRUCTION" missed="10" covered="0"/><counter type="LINE" missed="1" covered="0"/><counter type="COMPLEXITY" missed="2" covered="0"/><counter type="METHOD" missed="2" covered="0"/><counter type="CLASS" missed="1" covered="0"/></class><class name="lesson10/task1/Expression" sourcefilename="Regex.kt"><method name="calculate" desc="(I)I" line="68"><counter type="INSTRUCTION" missed="131" covered="0"/><counter type="BRANCH" missed="17" covered="0"/><counter type="LINE" missed="21" covered="0"/><counter type="COMPLEXITY" missed="11" covered="0"/><counter type="METHOD" missed="1" covered="0"/></method><counter type="INSTRUCTION" missed="131" covered="0"/><counter type="BRANCH" missed="17" covered="0"/><counter type="LINE" missed="21" covered="0"/><counter type="COMPLEXITY" missed="11" covered="0"/><counter type="METHOD" missed="1" covered="0"/><counter type="CLASS" missed="1" covered="0"/></class><class name="lesson10/task1/Expression$Variable" sourcefilename="Regex.kt"><method name="&lt;init&gt;" desc="()V" line="52"><counter type="INSTRUCTION" missed="4" covered="0"/><counter type="LINE" missed="1" covered="0"/><counter type="COMPLEXITY" missed="1" covered="0"/><counter type="METHOD" missed="1" covered="0"/></method><counter type="INSTRUCTION" missed="4" covered="0"/><counter type="LINE" missed="1" covered="0"/><counter type="COMPLEXITY" missed="1" covered="0"/><counter type="METHOD" missed="1" covered="0"/><counter type="CLASS" missed="1" covered="0"/></class><class name="lesson10/task1/Expression$Binary" sourcefilename="Regex.kt"><method name="&lt;init&gt;" desc="(Llesson10/task1/Expression;Llesson10/task1/Expression$Operation;Llesson10/task1/Expression;)V" line="64"><counter type="INSTRUCTION" missed="22" covered="0"/><counter type="LINE" missed="1" covered="0"/><counter type="COMPLEXITY" missed="1" covered="0"/><counter type="METHOD" missed="1" covered="0"/></method><method name="getLeft" desc="()Llesson10/task1/Expression;" line="64"><counter type="INSTRUCTION" missed="3" covered="0"/><counter type="LINE" missed="1" covered="0"/><counter type="COMPLEXITY" missed="1" covered="0"/><counter type="METHOD" missed="1" covered="0"/></method><method name="getOp" desc="()Llesson10/task1/Expression$Operation;" line="64"><counter type="INSTRUCTION" missed="3" covered="0"/><counter type="LINE" missed="1" covered="0"/><counter type="COMPLEXITY" missed="1" covered="0"/><counter type="METHOD" missed="1" covered="0"/></method><method name="getRight" desc="()Llesson10/task1/Expression;" line="64"><counter type="INSTRUCTION" missed="3" covered="0"/><counter type="LINE" missed="1" covered="0"/><counter type="COMPLEXITY" missed="1" covered="0"/><counter type="METHOD" missed="1" covered="0"/></method><counter type="INSTRUCTION" missed="31" covered="0"/><counter type="LINE" missed="1" covered="0"/><counter type="COMPLEXITY" missed="4" covered="0"/><counter type="METHOD" missed="4" covered="0"/><counter type="CLASS" missed="1" covered="0"/></class><class name="lesson10/task1/RegexKt" sourcefilename="Regex.kt"><method name="parseExpr" desc="(Ljava/lang/String;Ljava/util/List;)Ljava/util/Map;" line="30"><counter type="INSTRUCTION" missed="60" covered="0"/><counter type="BRANCH" missed="4" covered="0"/><counter type="LINE" missed="5" covered="0"/><counter type="COMPLEXITY" missed="3" covered="0"/><counter type="METHOD" missed="1" covered="0"/></method><method name="parseExpr" desc="(Ljava/lang/String;)Llesson10/task1/Expression;" line="39"><counter type="INSTRUCTION" missed="41" covered="0"/><counter type="BRANCH" missed="4" covered="0"/><counter type="LINE" missed="8" covered="0"/><counter type="COMPLEXITY" missed="3" covered="0"/><counter type="METHOD" missed="1" covered="0"/></method><counter type="INSTRUCTION" missed="101" covered="0"/><counter type="BRANCH" missed="8" covered="0"/><counter type="LINE" missed="13" covered="0"/><counter type="COMPLEXITY" missed="6" covered="0"/><counter type="METHOD" missed="2" covered="0"/><counter type="CLASS" missed="1" covered="0"/></class><class name="lesson10/task1/Expression$Operation" sourcefilename="Regex.kt"><method name="&lt;clinit&gt;" desc="()V" line="57"><counter type="INSTRUCTION" missed="33" covered="0"/><counter type="LINE" missed="5" covered="0"/><counter type="COMPLEXITY" missed="1" covered="0"/><counter type="METHOD" missed="1" covered="0"/></method><counter type="INSTRUCTION" missed="33" covered="0"/><counter type="LINE" missed="5" covered="0"/><counter type="COMPLEXITY" missed="1" covered="0"/><counter type="METHOD" missed="1" covered="0"/><counter type="CLASS" missed="1" covered="0"/></class><sourcefile name="Regex.kt"><line nr="30" mi="20" ci="0" mb="2" cb="0"/><line nr="31" mi="5" ci="0" mb="0" cb="0"/><line nr="32" mi="11" ci="0" mb="2" cb="0"/><line nr="33" mi="16" ci="0" mb="0" cb="0"/><line nr="35" mi="2" ci="0" mb="0" cb="0"/><line nr="39" mi="3" ci="0" mb="0" cb="0"/><line nr="40" mi="5" ci="0" mb="0" cb="0"/><line nr="41" mi="5" ci="0" mb="0" cb="0"/><line nr="42" mi="3" ci="0" mb="2" cb="0"/><line nr="43" mi="3" ci="0" mb="0" cb="0"/><line nr="44" mi="5" ci="0" mb="2" cb="0"/><line nr="45" mi="8" ci="0" mb="0" cb="0"/><line nr="48" mi="6" ci="0" mb="0" cb="0"/><line nr="52" mi="4" ci="0" mb="0" cb="0"/><line nr="54" mi="10" ci="0" mb="0" cb="0"/><line nr="57" mi="6" ci="0" mb="0" cb="0"/><line nr="58" mi="6" ci="0" mb="0" cb="0"/><line nr="59" mi="6" ci="0" mb="0" cb="0"/><line nr="60" mi="6" ci="0" mb="0" cb="0"/><line nr="61" mi="9" ci="0" mb="0" cb="0"/><line nr="64" mi="22" ci="0" mb="0" cb="0"/><line nr="66" mi="10" ci="0" mb="0" cb="0"/><line nr="68" mi="2" ci="0" mb="0" cb="0"/><line nr="69" mi="6" ci="0" mb="2" cb="0"/><line nr="70" mi="7" ci="0" mb="2" cb="0"/><line nr="71" mi="14" ci="0" mb="7" cb="0"/><line nr="73" mi="12" ci="0" mb="0" cb="0"/><line nr="76" mi="12" ci="0" mb="0" cb="0"/><line nr="79" mi="12" ci="0" mb="0" cb="0"/><line nr="82" mi="12" ci="0" mb="0" cb="0"/><line nr="85" mi="6" ci="0" mb="0" cb="0"/><line nr="86" mi="1" ci="0" mb="0" cb="0"/><line nr="87" mi="4" ci="0" mb="2" cb="0"/><line nr="88" mi="7" ci="0" mb="2" cb="0"/><line nr="90" mi="6" ci="0" mb="0" cb="0"/><line nr="91" mi="2" ci="0" mb="0" cb="0"/><line nr="92" mi="2" ci="0" mb="0" cb="0"/><line nr="93" mi="3" ci="0" mb="2" cb="0"/><line nr="94" mi="4" ci="0" mb="0" cb="0"/><line nr="95" mi="7" ci="0" mb="0" cb="0"/><line nr="97" mi="2" ci="0" mb="0" cb="0"/><line nr="102" mi="9" ci="0" mb="0" cb="0"/><line nr="103" mi="1" ci="0" mb="0" cb="0"/><line nr="106" mi="6" ci="0" mb="0" cb="0"/><line nr="110" mi="3" ci="0" mb="0" cb="0"/><line nr="111" mi="29" ci="0" mb="4" cb="0"/><line nr="112" mi="2" ci="0" mb="0" cb="0"/><line nr="116" mi="3" ci="0" mb="0" cb="0"/><line nr="117" mi="6" ci="0" mb="2" cb="0"/><line nr="118" mi="21" ci="0" mb="4" cb="0"/><line nr="120" mi="10" ci="0" mb="0" cb="0"/><line nr="121" mi="3" ci="0" mb="0" cb="0"/><line nr="122" mi="9" ci="0" mb="0" cb="0"/><line nr="124" mi="2" ci="0" mb="0" cb="0"/><line nr="127" mi="2" ci="0" mb="0" cb="0"/><line nr="131" mi="3" ci="0" mb="0" cb="0"/><line nr="132" mi="6" ci="0" mb="2" cb="0"/><line nr="133" mi="21" ci="0" mb="4" cb="0"/><line nr="135" mi="10" ci="0" mb="0" cb="0"/><line nr="136" mi="3" ci="0" mb="0" cb="0"/><line nr="137" mi="9" ci="0" mb="0" cb="0"/><line nr="139" mi="2" ci="0" mb="0" cb="0"/><line nr="142" mi="2" ci="0" mb="0" cb="0"/><line nr="146" mi="20" ci="0" mb="4" cb="0"/><line nr="147" mi="20" ci="0" mb="4" cb="0"/><line nr="148" mi="3" ci="0" mb="0" cb="0"/><line nr="149" mi="7" ci="0" mb="0" cb="0"/><line nr="151" mi="3" ci="0" mb="0" cb="0"/><line nr="152" mi="16" ci="0" mb="0" cb="0"/><line nr="153" mi="6" ci="0" mb="2" cb="0"/><line nr="154" mi="7" ci="0" mb="0" cb="0"/><line nr="156" mi="8" ci="0" mb="0" cb="0"/><line nr="169" mi="3" ci="0" mb="0" cb="0"/><line nr="170" mi="6" ci="0" mb="2" cb="0"/><line nr="171" mi="19" ci="0" mb="2" cb="0"/><line nr="172" mi="3" ci="0" mb="2" cb="0"/><line nr="173" mi="10" ci="0" mb="0" cb="0"/><line nr="174" mi="3" ci="0" mb="0" cb="0"/><line nr="175" mi="9" ci="0" mb="0" cb="0"/><line nr="177" mi="2" ci="0" mb="0" cb="0"/><line nr="180" mi="2" ci="0" mb="0" cb="0"/><line nr="183" mi="37" ci="0" mb="0" cb="0"/><counter type="INSTRUCTION" missed="662" covered="0"/><counter type="BRANCH" missed="57" covered="0"/><counter type="LINE" missed="82" covered="0"/><counter type="COMPLEXITY" missed="50" covered="0"/><counter type="METHOD" missed="19" covered="0"/><counter type="CLASS" missed="8" covered="0"/></sourcefile><counter type="INSTRUCTION" missed="662" covered="0"/><counter type="BRANCH" missed="57" covered="0"/><counter type="LINE" missed="82" covered="0"/><counter type="COMPLEXITY" missed="50" covered="0"/><counter type="METHOD" missed="19" covered="0"/><counter type="CLASS" missed="8" covered="0"/></package><package name="lesson10/task2"><class name="lesson10/task2/HtmlKt$generateListHtml$1" sourcefilename="Html.kt"><method name="invoke" desc="(Llesson10/task2/HTML;)V" line="88"><counter type="INSTRUCTION" missed="13" covered="0"/><counter type="LINE" missed="2" covered="0"/><counter type="COMPLEXITY" missed="1" covered="0"/><counter type="METHOD" missed="1" covered="0"/></method><counter type="INSTRUCTION" missed="13" covered="0"/><counter type="LINE" missed="2" covered="0"/><counter type="COMPLEXITY" missed="1" covered="0"/><counter type="METHOD" missed="1" covered="0"/><counter type="CLASS" missed="1" covered="0"/></class><class name="lesson10/task2/HtmlKt" sourcefilename="Html.kt"><method name="convertToHtmlTable" desc="(Ljava/util/List;)Ljava/lang/String;" line="12"><counter type="INSTRUCTION" missed="81" covered="0"/><counter type="BRANCH" missed="4" covered="0"/><counter type="LINE" missed="15" covered="0"/><counter type="COMPLEXITY" missed="3" covered="0"/><counter type="METHOD" missed="1" covered="0"/></method><method name="convertToHtmlTableUsingKotlinxHtml" desc="(Ljava/util/List;)Ljava/lang/String;" line="36"><counter type="INSTRUCTION" missed="34" covered="0"/><counter type="LINE" missed="4" covered="0"/><counter type="COMPLEXITY" missed="1" covered="0"/><counter type="METHOD" missed="1" covered="0"/></method><method name="generateSimpleHtml" desc="(Ljava/lang/String;)Ljava/lang/String;" line="58"><counter type="INSTRUCTION" missed="23" covered="0"/><counter type="LINE" missed="3" covered="0"/><counter type="COMPLEXITY" missed="1" covered="0"/><counter type="METHOD" missed="1" covered="0"/></method><method name="generateListHtml" desc="(Ljava/util/List;)Ljava/lang/String;" line="86"><counter type="INSTRUCTION" missed="23" covered="0"/><counter type="LINE" missed="3" covered="0"/><counter type="COMPLEXITY" missed="1" covered="0"/><counter type="METHOD" missed="1" covered="0"/></method><method name="myHtml" desc="(Ljava/lang/StringBuilder;Lkotlin/jvm/functions/Function1;)Llesson10/task2/HTML;" line="141"><counter type="INSTRUCTION" missed="19" covered="0"/><counter type="LINE" missed="5" covered="0"/><counter type="COMPLEXITY" missed="1" covered="0"/><counter type="METHOD" missed="1" covered="0"/></method><counter type="INSTRUCTION" missed="180" covered="0"/><counter type="BRANCH" missed="4" covered="0"/><counter type="LINE" missed="30" covered="0"/><counter type="COMPLEXITY" missed="7" covered="0"/><counter type="METHOD" missed="5" covered="0"/><counter type="CLASS" missed="1" covered="0"/></class><class name="lesson10/task2/HtmlKt$convertToHtmlTableUsingKotlinxHtml$1$1$1$1" sourcefilename="Html.kt"><method name="invoke" desc="(Lkotlinx/html/TR;)V" line="43"><counter type="INSTRUCTION" missed="26" covered="0"/><counter type="BRANCH" missed="2" covered="0"/><counter type="LINE" missed="3" covered="0"/><counter type="COMPLEXITY" missed="2" covered="0"/><counter type="METHOD" missed="1" covered="0"/></method><counter type="INSTRUCTION" missed="26" covered="0"/><counter type="BRANCH" missed="2" covered="0"/><counter type="LINE" missed="3" covered="0"/><counter type="COMPLEXITY" missed="2" covered="0"/><counter type="METHOD" missed="1" covered="0"/><counter type="CLASS" missed="1" covered="0"/></class><class name="lesson10/task2/HtmlKt$generateSimpleHtml$1" sourcefilename="Html.kt"><method name="invoke" desc="(Llesson10/task2/HTML;)V" line="60"><counter type="INSTRUCTION" missed="13" covered="0"/><counter type="LINE" missed="2" covered="0"/><counter type="COMPLEXITY" missed="1" covered="0"/><counter type="METHOD" missed="1" covered="0"/></method><counter type="INSTRUCTION" missed="13" covered="0"/><counter type="LINE" missed="2" covered="0"/><counter type="COMPLEXITY" missed="1" covered="0"/><counter type="METHOD" missed="1" covered="0"/><counter type="CLASS" missed="1" covered="0"/></class><class name="lesson10/task2/HtmlKt$generateSimpleHtml$1$1" sourcefilename="Html.kt"><method name="invoke" desc="(Llesson10/task2/HTMLBody;)V" line="61"><counter type="INSTRUCTION" missed="8" covered="0"/><counter type="LINE" missed="2" covered="0"/><counter type="COMPLEXITY" missed="1" covered="0"/><counter type="METHOD" missed="1" covered="0"/></method><counter type="INSTRUCTION" missed="8" covered="0"/><counter type="LINE" missed="2" covered="0"/><counter type="COMPLEXITY" missed="1" covered="0"/><counter type="METHOD" missed="1" covered="0"/><counter type="CLASS" missed="1" covered="0"/></class><class name="lesson10/task2/HtmlKt$convertToHtmlTableUsingKotlinxHtml$1$1$1" sourcefilename="Html.kt"><method name="invoke" desc="(Lkotlinx/html/TABLE;)V" line="41"><counter type="INSTRUCTION" missed="26" covered="0"/><counter type="BRANCH" missed="2" covered="0"/><counter type="LINE" missed="3" covered="0"/><counter type="COMPLEXITY" missed="2" covered="0"/><counter type="METHOD" missed="1" covered="0"/></method><counter type="INSTRUCTION" missed="26" covered="0"/><counter type="BRANCH" missed="2" covered="0"/><counter type="LINE" missed="3" covered="0"/><counter type="COMPLEXITY" missed="2" covered="0"/><counter type="METHOD" missed="1" covered="0"/><counter type="CLASS" missed="1" covered="0"/></class><class name="lesson10/task2/HtmlKt$convertToHtmlTableUsingKotlinxHtml$1$1$1$1$1" sourcefilename="Html.kt"><method name="invoke" desc="(Lkotlinx/html/TD;)V" line="44"><counter type="INSTRUCTION" missed="8" covered="0"/><counter type="LINE" missed="1" covered="0"/><counter type="COMPLEXITY" missed="1" covered="0"/><counter type="METHOD" missed="1" covered="0"/></method><counter type="INSTRUCTION" missed="8" covered="0"/><counter type="LINE" missed="1" covered="0"/><counter type="COMPLEXITY" missed="1" covered="0"/><counter type="METHOD" missed="1" covered="0"/><counter type="CLASS" missed="1" covered="0"/></class><class name="lesson10/task2/HtmlKt$generateListHtml$1$1$1" sourcefilename="Html.kt"><method name="invoke" desc="(Llesson10/task2/HTMLList;)V" line="90"><counter type="INSTRUCTION" missed="24" covered="0"/><counter type="BRANCH" missed="2" covered="0"/><counter type="LINE" missed="3" covered="0"/><counter type="COMPLEXITY" missed="2" covered="0"/><counter type="METHOD" missed="1" covered="0"/></method><counter type="INSTRUCTION" missed="24" covered="0"/><counter type="BRANCH" missed="2" covered="0"/><counter type="LINE" missed="3" covered="0"/><counter type="COMPLEXITY" missed="2" covered="0"/><counter type="METHOD" missed="1" covered="0"/><counter type="CLASS" missed="1" covered="0"/></class><class name="lesson10/task2/HtmlKt$convertToHtmlTableUsingKotlinxHtml$1$1" sourcefilename="Html.kt"><method name="invoke" desc="(Lkotlinx/html/BODY;)V" line="40"><counter type="INSTRUCTION" missed="16" covered="0"/><counter type="LINE" missed="2" covered="0"/><counter type="COMPLEXITY" missed="1" covered="0"/><counter type="METHOD" missed="1" covered="0"/></method><counter type="INSTRUCTION" missed="16" covered="0"/><counter type="LINE" missed="2" covered="0"/><counter type="COMPLEXITY" missed="1" covered="0"/><counter type="METHOD" missed="1" covered="0"/><counter type="CLASS" missed="1" covered="0"/></class><class name="lesson10/task2/HtmlKt$generateListHtml$1$1$1$1" sourcefilename="Html.kt"><method name="invoke" desc="(Llesson10/task2/HTMLItem;)V" line="92"><counter type="INSTRUCTION" missed="8" covered="0"/><counter type="LINE" missed="2" covered="0"/><counter type="COMPLEXITY" missed="1" covered="0"/><counter type="METHOD" missed="1" covered="0"/></method><counter type="INSTRUCTION" missed="8" covered="0"/><counter type="LINE" missed="2" covered="0"/><counter type="COMPLEXITY" missed="1" covered="0"/><counter type="METHOD" missed="1" covered="0"/><counter type="CLASS" missed="1" covered="0"/></class><class name="lesson10/task2/HTMLItem" sourcefilename="Html.kt"><method name="&lt;init&gt;" desc="(Ljava/lang/StringBuilder;)V" line="134"><counter type="INSTRUCTION" missed="9" covered="0"/><counter type="LINE" missed="1" covered="0"/><counter type="COMPLEXITY" missed="1" covered="0"/><counter type="METHOD" missed="1" covered="0"/></method><method name="getSb" desc="()Ljava/lang/StringBuilder;" line="134"><counter type="INSTRUCTION" missed="3" covered="0"/><counter type="LINE" missed="1" covered="0"/><counter type="COMPLEXITY" missed="1" covered="0"/><counter type="METHOD" missed="1" covered="0"/></method><method name="unaryPlus" desc="(Ljava/lang/String;)V" line="136"><counter type="INSTRUCTION" missed="9" covered="0"/><counter type="LINE" missed="2" covered="0"/><counter type="COMPLEXITY" missed="1" covered="0"/><counter type="METHOD" missed="1" covered="0"/></method><counter type="INSTRUCTION" missed="21" covered="0"/><counter type="LINE" missed="3" covered="0"/><counter type="COMPLEXITY" missed="3" covered="0"/><counter type="METHOD" missed="3" covered="0"/><counter type="CLASS" missed="1" covered="0"/></class><class name="lesson10/task2/HTML" sourcefilename="Html.kt"><method name="&lt;init&gt;" desc="(Ljava/lang/StringBuilder;)V" line="100"><counter type="INSTRUCTION" missed="9" covered="0"/><counter type="LINE" missed="1" covered="0"/><counter type="COMPLEXITY" missed="1" covered="0"/><counter type="METHOD" missed="1" covered="0"/></method><method name="getSb" desc="()Ljava/lang/StringBuilder;" line="100"><counter type="INSTRUCTION" missed="3" covered="0"/><counter type="LINE" missed="1" covered="0"/><counter type="COMPLEXITY" missed="1" covered="0"/><counter type="METHOD" missed="1" covered="0"/></method><method name="myBody" desc="(Lkotlin/jvm/functions/Function1;)Llesson10/task2/HTMLBody;" line="102"><counter type="INSTRUCTION" missed="25" covered="0"/><counter type="LINE" missed="5" covered="0"/><counter type="COMPLEXITY" missed="1" covered="0"/><counter type="METHOD" missed="1" covered="0"/></method><counter type="INSTRUCTION" missed="37" covered="0"/><counter type="LINE" missed="6" covered="0"/><counter type="COMPLEXITY" missed="3" covered="0"/><counter type="METHOD" missed="3" covered="0"/><counter type="CLASS" missed="1" covered="0"/></class><class name="lesson10/task2/HtmlKt$generateListHtml$1$1" sourcefilename="Html.kt"><method name="invoke" desc="(Llesson10/task2/HTMLBody;)V" line="89"><counter type="INSTRUCTION" missed="13" covered="0"/><counter type="LINE" missed="2" covered="0"/><counter type="COMPLEXITY" missed="1" covered="0"/><counter type="METHOD" missed="1" covered="0"/></method><counter type="INSTRUCTION" missed="13" covered="0"/><counter type="LINE" missed="2" covered="0"/><counter type="COMPLEXITY" missed="1" covered="0"/><counter type="METHOD" missed="1" covered="0"/><counter type="CLASS" missed="1" covered="0"/></class><class name="lesson10/task2/HtmlKt$convertToHtmlTableUsingKotlinxHtml$1" sourcefilename="Html.kt"><method name="invoke" desc="(Lkotlinx/html/HTML;)V" line="39"><counter type="INSTRUCTION" missed="15" covered="0"/><counter type="LINE" missed="2" covered="0"/><counter type="COMPLEXITY" missed="1" covered="0"/><counter type="METHOD" missed="1" covered="0"/></method><counter type="INSTRUCTION" missed="15" covered="0"/><counter type="LINE" missed="2" covered="0"/><counter type="COMPLEXITY" missed="1" covered="0"/><counter type="METHOD" missed="1" covered="0"/><counter type="CLASS" missed="1" covered="0"/></class><class name="lesson10/task2/HTMLBody" sourcefilename="Html.kt"><method name="&lt;init&gt;" desc="(Ljava/lang/StringBuilder;)V" line="110"><counter type="INSTRUCTION" missed="9" covered="0"/><counter type="LINE" missed="1" covered="0"/><counter type="COMPLEXITY" missed="1" covered="0"/><counter type="METHOD" missed="1" covered="0"/></method><method name="getSb" desc="()Ljava/lang/StringBuilder;" line="110"><counter type="INSTRUCTION" missed="3" covered="0"/><counter type="LINE" missed="1" covered="0"/><counter type="COMPLEXITY" missed="1" covered="0"/><counter type="METHOD" missed="1" covered="0"/></method><method name="unaryPlus" desc="(Ljava/lang/String;)V" line="112"><counter type="INSTRUCTION" missed="9" covered="0"/><counter type="LINE" missed="2" covered="0"/><counter type="COMPLEXITY" missed="1" covered="0"/><counter type="METHOD" missed="1" covered="0"/></method><method name="myList" desc="(Lkotlin/jvm/functions/Function1;)Llesson10/task2/HTMLList;" line="116"><counter type="INSTRUCTION" missed="25" covered="0"/><counter type="LINE" missed="5" covered="0"/><counter type="COMPLEXITY" missed="1" covered="0"/><counter type="METHOD" missed="1" covered="0"/></method><counter type="INSTRUCTION" missed="46" covered="0"/><counter type="LINE" missed="8" covered="0"/><counter type="COMPLEXITY" missed="4" covered="0"/><counter type="METHOD" missed="4" covered="0"/><counter type="CLASS" missed="1" covered="0"/></class><class name="lesson10/task2/HTMLList" sourcefilename="Html.kt"><method name="&lt;init&gt;" desc="(Ljava/lang/StringBuilder;)V" line="124"><counter type="INSTRUCTION" missed="9" covered="0"/><counter type="LINE" missed="1" covered="0"/><counter type="COMPLEXITY" missed="1" covered="0"/><counter type="METHOD" missed="1" covered="0"/></method><method name="getSb" desc="()Ljava/lang/StringBuilder;" line="124"><counter type="INSTRUCTION" missed="3" covered="0"/><counter type="LINE" missed="1" covered="0"/><counter type="COMPLEXITY" missed="1" covered="0"/><counter type="METHOD" missed="1" covered="0"/></method><method name="myItem" desc="(Lkotlin/jvm/functions/Function1;)Llesson10/task2/HTMLItem;" line="126"><counter type="INSTRUCTION" missed="25" covered="0"/><counter type="LINE" missed="5" covered="0"/><counter type="COMPLEXITY" missed="1" covered="0"/><counter type="METHOD" missed="1" covered="0"/></method><counter type="INSTRUCTION" missed="37" covered="0"/><counter type="LINE" missed="6" covered="0"/><counter type="COMPLEXITY" missed="3" covered="0"/><counter type="METHOD" missed="3" covered="0"/><counter type="CLASS" missed="1" covered="0"/></class><sourcefile name="Html.kt"><line nr="12" mi="4" ci="0" mb="0" cb="0"/><line nr="13" mi="4" ci="0" mb="0" cb="0"/><line nr="14" mi="4" ci="0" mb="0" cb="0"/><line nr="15" mi="4" ci="0" mb="0" cb="0"/><line nr="16" mi="10" ci="0" mb="2" cb="0"/><line nr="17" mi="4" ci="0" mb="0" cb="0"/><line nr="18" mi="10" ci="0" mb="2" cb="0"/><line nr="19" mi="4" ci="0" mb="0" cb="0"/><line nr="20" mi="4" ci="0" mb="0" cb="0"/><line nr="21" mi="5" ci="0" mb="0" cb="0"/><line nr="23" mi="5" ci="0" mb="0" cb="0"/><line nr="25" mi="4" ci="0" mb="0" cb="0"/><line nr="26" mi="4" ci="0" mb="0" cb="0"/><line nr="27" mi="4" ci="0" mb="0" cb="0"/><line nr="28" mi="8" ci="0" mb="0" cb="0"/><line nr="36" mi="2" ci="0" mb="0" cb="0"/><line nr="37" mi="4" ci="0" mb="0" cb="0"/><line nr="38" mi="17" ci="0" mb="0" cb="0"/><line nr="39" mi="11" ci="0" mb="0" cb="0"/><line nr="40" mi="12" ci="0" mb="0" cb="0"/><line nr="41" mi="11" ci="0" mb="2" cb="0"/><line nr="42" mi="11" ci="0" mb="0" cb="0"/><line nr="43" mi="11" ci="0" mb="2" cb="0"/><line nr="44" mi="16" ci="0" mb="0" cb="0"/><line nr="46" mi="1" ci="0" mb="0" cb="0"/><line nr="48" mi="1" ci="0" mb="0" cb="0"/><line nr="49" mi="1" ci="0" mb="0" cb="0"/><line nr="50" mi="1" ci="0" mb="0" cb="0"/><line nr="51" mi="8" ci="0" mb="0" cb="0"/><line nr="58" mi="4" ci="0" mb="0" cb="0"/><line nr="59" mi="8" ci="0" mb="0" cb="0"/><line nr="60" mi="9" ci="0" mb="0" cb="0"/><line nr="61" mi="4" ci="0" mb="0" cb="0"/><line nr="62" mi="1" ci="0" mb="0" cb="0"/><line nr="63" mi="1" ci="0" mb="0" cb="0"/><line nr="64" mi="8" ci="0" mb="0" cb="0"/><line nr="86" mi="4" ci="0" mb="0" cb="0"/><line nr="87" mi="8" ci="0" mb="0" cb="0"/><line nr="88" mi="9" ci="0" mb="0" cb="0"/><line nr="89" mi="9" ci="0" mb="0" cb="0"/><line nr="90" mi="11" ci="0" mb="2" cb="0"/><line nr="91" mi="9" ci="0" mb="0" cb="0"/><line nr="92" mi="4" ci="0" mb="0" cb="0"/><line nr="93" mi="1" ci="0" mb="0" cb="0"/><line nr="94" mi="1" ci="0" mb="0" cb="0"/><line nr="95" mi="1" ci="0" mb="0" cb="0"/><line nr="96" mi="1" ci="0" mb="0" cb="0"/><line nr="97" mi="8" ci="0" mb="0" cb="0"/><line nr="100" mi="9" ci="0" mb="0" cb="0"/><line nr="102" mi="6" ci="0" mb="0" cb="0"/><line nr="103" mi="5" ci="0" mb="0" cb="0"/><line nr="104" mi="4" ci="0" mb="0" cb="0"/><line nr="105" mi="5" ci="0" mb="0" cb="0"/><line nr="106" mi="2" ci="0" mb="0" cb="0"/><line nr="110" mi="9" ci="0" mb="0" cb="0"/><line nr="112" mi="5" ci="0" mb="0" cb="0"/><line nr="113" mi="1" ci="0" mb="0" cb="0"/><line nr="116" mi="6" ci="0" mb="0" cb="0"/><line nr="117" mi="5" ci="0" mb="0" cb="0"/><line nr="118" mi="4" ci="0" mb="0" cb="0"/><line nr="119" mi="5" ci="0" mb="0" cb="0"/><line nr="120" mi="2" ci="0" mb="0" cb="0"/><line nr="124" mi="9" ci="0" mb="0" cb="0"/><line nr="126" mi="6" ci="0" mb="0" cb="0"/><line nr="127" mi="5" ci="0" mb="0" cb="0"/><line nr="128" mi="4" ci="0" mb="0" cb="0"/><line nr="129" mi="5" ci="0" mb="0" cb="0"/><line nr="130" mi="2" ci="0" mb="0" cb="0"/><line nr="134" mi="9" ci="0" mb="0" cb="0"/><line nr="136" mi="5" ci="0" mb="0" cb="0"/><line nr="137" mi="1" ci="0" mb="0" cb="0"/><line nr="141" mi="5" ci="0" mb="0" cb="0"/><line nr="142" mi="4" ci="0" mb="0" cb="0"/><line nr="143" mi="4" ci="0" mb="0" cb="0"/><line nr="144" mi="4" ci="0" mb="0" cb="0"/><line nr="145" mi="2" ci="0" mb="0" cb="0"/><counter type="INSTRUCTION" missed="491" covered="0"/><counter type="BRANCH" missed="10" covered="0"/><counter type="LINE" missed="76" covered="0"/><counter type="COMPLEXITY" missed="34" covered="0"/><counter type="METHOD" missed="29" covered="0"/><counter type="CLASS" missed="16" covered="0"/></sourcefile><counter type="INSTRUCTION" missed="491" covered="0"/><counter type="BRANCH" missed="10" covered="0"/><counter type="LINE" missed="76" covered="0"/><counter type="COMPLEXITY" missed="34" covered="0"/><counter type="METHOD" missed="29" covered="0"/><counter type="CLASS" missed="16" covered="0"/></package><package name="lesson6/task1"><class name="lesson6/task1/ParseKt" sourcefilename="Parse.kt"><method name="timeStrToSeconds" desc="(Ljava/lang/String;)I" line="21"><counter type="INSTRUCTION" missed="45" covered="0"/><counter type="BRANCH" missed="2" covered="0"/><counter type="LINE" missed="6" covered="0"/><counter type="COMPLEXITY" missed="2" covered="0"/><counter type="METHOD" missed="1" covered="0"/></method><method name="twoDigitStr" desc="(I)Ljava/lang/String;" line="36"><counter type="INSTRUCTION" missed="20" covered="0"/><counter type="BRANCH" missed="6" covered="0"/><counter type="LINE" missed="1" covered="0"/><counter type="COMPLEXITY" missed="4" covered="0"/><counter type="METHOD" missed="1" covered="0"/></method><method name="timeSecondsToStr" desc="(I)Ljava/lang/String;" line="45"><counter type="INSTRUCTION" missed="50" covered="0"/><counter type="LINE" missed="4" covered="0"/><counter type="COMPLEXITY" missed="1" covered="0"/><counter type="METHOD" missed="1" covered="0"/></method><method name="dateStrToDigit" desc="(Ljava/lang/String;)Ljava/lang/String;" line="63"><counter type="INSTRUCTION" missed="239" covered="0"/><counter type="BRANCH" missed="16" covered="0"/><counter type="LINE" missed="27" covered="0"/><counter type="COMPLEXITY" missed="9" covered="0"/><counter type="METHOD" missed="1" covered="0"/></method><method name="dateDigitToStr" desc="(Ljava/lang/String;)Ljava/lang/String;" line="106"><counter type="INSTRUCTION" missed="183" covered="0"/><counter type="BRANCH" missed="12" covered="0"/><counter type="LINE" missed="25" covered="0"/><counter type="COMPLEXITY" missed="7" covered="0"/><counter type="METHOD" missed="1" covered="0"/></method><method name="flattenPhoneNumber" desc="(Ljava/lang/String;)Ljava/lang/String;" line="155"><counter type="INSTRUCTION" missed="164" covered="0"/><counter type="BRANCH" missed="26" covered="0"/><counter type="LINE" missed="24" covered="0"/><counter type="COMPLEXITY" missed="14" covered="0"/><counter type="METHOD" missed="1" covered="0"/></method><method name="bestLongJump" desc="(Ljava/lang/String;)I" line="197"><counter type="INSTRUCTION" missed="63" covered="0"/><counter type="BRANCH" missed="6" covered="0"/><counter type="LINE" missed="10" covered="0"/><counter type="COMPLEXITY" missed="4" covered="0"/><counter type="METHOD" missed="1" covered="0"/></method><method name="checkIfNotOk" desc="(Ljava/lang/String;)Z" line="213"><counter type="INSTRUCTION" missed="32" covered="0"/><counter type="BRANCH" missed="4" covered="0"/><counter type="LINE" missed="3" covered="0"/><counter type="COMPLEXITY" missed="3" covered="0"/><counter type="METHOD" missed="1" covered="0"/></method><method name="bestHighJump" desc="(Ljava/lang/String;)I" line="230"><counter type="INSTRUCTION" missed="122" covered="0"/><counter type="BRANCH" missed="10" covered="0"/><counter type="LINE" missed="11" covered="0"/><counter type="COMPLEXITY" missed="6" covered="0"/><counter type="METHOD" missed="1" covered="0"/></method><method name="safeToInt" desc="(Ljava/lang/String;)I" line="247"><counter type="INSTRUCTION" missed="38" covered="0"/><counter type="BRANCH" missed="4" covered="0"/><counter type="LINE" missed="3" covered="0"/><counter type="COMPLEXITY" missed="3" covered="0"/><counter type="METHOD" missed="1" covered="0"/></method><method name="plusMinus" desc="(Ljava/lang/String;)I" line="262"><counter type="INSTRUCTION" missed="151" covered="59"/><counter type="BRANCH" missed="25" covered="7"/><counter type="LINE" missed="12" covered="4"/><counter type="COMPLEXITY" missed="13" covered="4"/><counter type="METHOD" missed="0" covered="1"/></method><method name="firstDuplicateIndex" desc="(Ljava/lang/String;)I" line="293"><counter type="INSTRUCTION" missed="104" covered="0"/><counter type="BRANCH" missed="12" covered="0"/><counter type="LINE" missed="13" covered="0"/><counter type="COMPLEXITY" missed="7" covered="0"/><counter type="METHOD" missed="1" covered="0"/></method><method name="mostExpensive" desc="(Ljava/lang/String;)Ljava/lang/String;" line="323"><counter type="INSTRUCTION" missed="87" covered="0"/><counter type="BRANCH" missed="8" covered="0"/><counter type="LINE" missed="10" covered="0"/><counter type="COMPLEXITY" missed="5" covered="0"/><counter type="METHOD" missed="1" covered="0"/></method><method name="fromRoman" desc="(Ljava/lang/String;)I" line="349"><counter type="INSTRUCTION" missed="343" covered="36"/><counter type="BRANCH" missed="27" covered="5"/><counter type="LINE" missed="42" covered="3"/><counter type="COMPLEXITY" missed="14" covered="3"/><counter type="METHOD" missed="0" covered="1"/></method><method name="computeDeviceCells" desc="(ILjava/lang/String;I)Ljava/util/List;" line="515"><counter type="INSTRUCTION" missed="59" covered="0"/><counter type="BRANCH" missed="6" covered="0"/><counter type="LINE" missed="7" covered="0"/><counter type="COMPLEXITY" missed="4" covered="0"/><counter type="METHOD" missed="1" covered="0"/></method><method name="computeDeviceCells$check" desc="(Ljava/lang/String;)Z" line="450"><counter type="INSTRUCTION" missed="75" covered="0"/><counter type="BRANCH" missed="14" covered="0"/><counter type="LINE" missed="10" covered="0"/><counter type="COMPLEXITY" missed="8" covered="0"/><counter type="METHOD" missed="1" covered="0"/></method><method name="computeDeviceCells$findNestedLoop" desc="(Ljava/lang/String;I)Ljava/lang/String;" line="465"><counter type="INSTRUCTION" missed="79" covered="0"/><counter type="BRANCH" missed="8" covered="0"/><counter type="LINE" missed="15" covered="0"/><counter type="COMPLEXITY" missed="5" covered="0"/><counter type="METHOD" missed="1" covered="0"/></method><method name="computeDeviceCells$findReversedNestedLoop" desc="(Ljava/lang/String;I)Ljava/lang/String;" line="487"><counter type="INSTRUCTION" missed="102" covered="0"/><counter type="BRANCH" missed="10" covered="0"/><counter type="LINE" missed="20" covered="0"/><counter type="COMPLEXITY" missed="6" covered="0"/><counter type="METHOD" missed="1" covered="0"/></method><method name="computeDeviceCells$executeCommands" desc="(Lkotlin/jvm/internal/Ref$IntRef;Lkotlin/jvm/internal/Ref$IntRef;ILjava/lang/String;ILjava/util/List;)Ljava/util/List;" line="521"><counter type="INSTRUCTION" missed="163" covered="0"/><counter type="BRANCH" missed="24" covered="0"/><counter type="LINE" missed="20" covered="0"/><counter type="COMPLEXITY" missed="13" covered="0"/><counter type="METHOD" missed="1" covered="0"/></method><counter type="INSTRUCTION" missed="2119" covered="95"/><counter type="BRANCH" missed="220" covered="12"/><counter type="LINE" missed="263" covered="7"/><counter type="COMPLEXITY" missed="128" covered="7"/><counter type="METHOD" missed="17" covered="2"/><counter type="CLASS" missed="0" covered="1"/></class><sourcefile name="Parse.kt"><line nr="21" mi="16" ci="0" mb="0" cb="0"/><line nr="22" mi="2" ci="0" mb="0" cb="0"/><line nr="23" mi="10" ci="0" mb="2" cb="0"/><line nr="24" mi="5" ci="0" mb="0" cb="0"/><line nr="25" mi="7" ci="0" mb="0" cb="0"/><line nr="27" mi="2" ci="0" mb="0" cb="0"/><line nr="36" mi="20" ci="0" mb="6" cb="0"/><line nr="45" mi="4" ci="0" mb="0" cb="0"/><line nr="46" mi="6" ci="0" mb="0" cb="0"/><line nr="47" mi="4" ci="0" mb="0" cb="0"/><line nr="48" mi="36" ci="0" mb="0" cb="0"/><line nr="63" mi="16" ci="0" mb="0" cb="0"/><line nr="64" mi="5" ci="0" mb="0" cb="0"/><line nr="65" mi="2" ci="0" mb="0" cb="0"/><line nr="66" mi="2" ci="0" mb="0" cb="0"/><line nr="67" mi="30" ci="0" mb="0" cb="0"/><line nr="68" mi="2" ci="0" mb="0" cb="0"/><line nr="69" mi="2" ci="0" mb="0" cb="0"/><line nr="70" mi="2" ci="0" mb="0" cb="0"/><line nr="71" mi="2" ci="0" mb="0" cb="0"/><line nr="72" mi="2" ci="0" mb="0" cb="0"/><line nr="73" mi="2" ci="0" mb="0" cb="0"/><line nr="74" mi="2" ci="0" mb="0" cb="0"/><line nr="75" mi="2" ci="0" mb="0" cb="0"/><line nr="76" mi="2" ci="0" mb="0" cb="0"/><line nr="77" mi="2" ci="0" mb="0" cb="0"/><line nr="78" mi="2" ci="0" mb="0" cb="0"/><line nr="81" mi="12" ci="0" mb="4" cb="0"/><line nr="82" mi="16" ci="0" mb="0" cb="0"/><line nr="83" mi="36" ci="0" mb="6" cb="0"/><line nr="84" mi="16" ci="0" mb="0" cb="0"/><line nr="86" mi="19" ci="0" mb="2" cb="0"/><line nr="87" mi="11" ci="0" mb="2" cb="0"/><line nr="88" mi="15" ci="0" mb="0" cb="0"/><line nr="89" mi="11" ci="0" mb="2" cb="0"/><line nr="90" mi="15" ci="0" mb="0" cb="0"/><line nr="91" mi="6" ci="0" mb="0" cb="0"/><line nr="92" mi="2" ci="0" mb="0" cb="0"/><line nr="106" mi="16" ci="0" mb="0" cb="0"/><line nr="108" mi="6" ci="0" mb="2" cb="0"/><line nr="109" mi="1" ci="0" mb="0" cb="0"/><line nr="110" mi="5" ci="0" mb="0" cb="0"/><line nr="112" mi="24" ci="0" mb="2" cb="0"/><line nr="114" mi="28" ci="0" mb="8" cb="0"/><line nr="115" mi="5" ci="0" mb="0" cb="0"/><line nr="116" mi="5" ci="0" mb="0" cb="0"/><line nr="119" mi="2" ci="0" mb="0" cb="0"/><line nr="120" mi="2" ci="0" mb="0" cb="0"/><line nr="121" mi="30" ci="0" mb="0" cb="0"/><line nr="122" mi="2" ci="0" mb="0" cb="0"/><line nr="123" mi="2" ci="0" mb="0" cb="0"/><line nr="124" mi="2" ci="0" mb="0" cb="0"/><line nr="125" mi="2" ci="0" mb="0" cb="0"/><line nr="126" mi="2" ci="0" mb="0" cb="0"/><line nr="127" mi="2" ci="0" mb="0" cb="0"/><line nr="128" mi="2" ci="0" mb="0" cb="0"/><line nr="129" mi="2" ci="0" mb="0" cb="0"/><line nr="130" mi="2" ci="0" mb="0" cb="0"/><line nr="131" mi="2" ci="0" mb="0" cb="0"/><line nr="132" mi="2" ci="0" mb="0" cb="0"/><line nr="134" mi="31" ci="0" mb="0" cb="0"/><line nr="135" mi="1" ci="0" mb="0" cb="0"/><line nr="136" mi="2" ci="0" mb="0" cb="0"/><line nr="155" mi="2" ci="0" mb="0" cb="0"/><line nr="156" mi="2" ci="0" mb="0" cb="0"/><line nr="157" mi="2" ci="0" mb="0" cb="0"/><line nr="158" mi="2" ci="0" mb="0" cb="0"/><line nr="159" mi="2" ci="0" mb="0" cb="0"/><line nr="160" mi="2" ci="0" mb="0" cb="0"/><line nr="162" mi="16" ci="0" mb="4" cb="0"/><line nr="163" mi="7" ci="0" mb="0" cb="0"/><line nr="164" mi="7" ci="0" mb="0" cb="0"/><line nr="165" mi="2" ci="0" mb="0" cb="0"/><line nr="166" mi="26" ci="0" mb="4" cb="0"/><line nr="167" mi="4" ci="0" mb="2" cb="0"/><line nr="169" mi="23" ci="0" mb="4" cb="0"/><line nr="170" mi="2" ci="0" mb="0" cb="0"/><line nr="171" mi="1" ci="0" mb="0" cb="0"/><line nr="173" mi="4" ci="0" mb="2" cb="0"/><line nr="174" mi="4" ci="0" mb="2" cb="0"/><line nr="175" mi="14" ci="0" mb="2" cb="0"/><line nr="176" mi="7" ci="0" mb="4" cb="0"/><line nr="177" mi="4" ci="0" mb="0" cb="0"/><line nr="178" mi="2" ci="0" mb="0" cb="0"/><line nr="180" mi="17" ci="0" mb="2" cb="0"/><line nr="181" mi="7" ci="0" mb="0" cb="0"/><line nr="183" mi="2" ci="0" mb="0" cb="0"/><line nr="197" mi="16" ci="0" mb="0" cb="0"/><line nr="198" mi="2" ci="0" mb="0" cb="0"/><line nr="199" mi="2" ci="0" mb="0" cb="0"/><line nr="200" mi="10" ci="0" mb="2" cb="0"/><line nr="201" mi="15" ci="0" mb="4" cb="0"/><line nr="202" mi="1" ci="0" mb="0" cb="0"/><line nr="203" mi="10" ci="0" mb="0" cb="0"/><line nr="204" mi="1" ci="0" mb="0" cb="0"/><line nr="205" mi="1" ci="0" mb="0" cb="0"/><line nr="208" mi="2" ci="0" mb="0" cb="0"/><line nr="213" mi="2" ci="0" mb="0" cb="0"/><line nr="214" mi="25" ci="0" mb="4" cb="0"/><line nr="215" mi="2" ci="0" mb="0" cb="0"/><line nr="230" mi="5" ci="0" mb="0" cb="0"/><line nr="231" mi="16" ci="0" mb="0" cb="0"/><line nr="232" mi="21" ci="0" mb="4" cb="0"/><line nr="233" mi="1" ci="0" mb="0" cb="0"/><line nr="234" mi="22" ci="0" mb="0" cb="0"/><line nr="235" mi="10" ci="0" mb="2" cb="0"/><line nr="236" mi="1" ci="0" mb="0" cb="0"/><line nr="237" mi="2" ci="0" mb="0" cb="0"/><line nr="240" mi="2" ci="0" mb="0" cb="0"/><line nr="241" mi="37" ci="0" mb="4" cb="0"/><line nr="243" mi="2" ci="0" mb="0" cb="0"/><line nr="247" mi="2" ci="0" mb="0" cb="0"/><line nr="248" mi="28" ci="0" mb="4" cb="0"/><line nr="249" mi="5" ci="0" mb="0" cb="0"/><line nr="262" mi="0" ci="15" mb="0" cb="4"/><line nr="263" mi="0" ci="2" mb="0" cb="0"/><line nr="264" mi="0" ci="2" mb="0" cb="0"/><line nr="265" mi="0" ci="37" mb="1" cb="3"/><line nr="266" mi="12" ci="0" mb="2" cb="0"/><line nr="267" mi="16" ci="0" mb="0" cb="0"/><line nr="268" mi="16" ci="0" mb="4" cb="0"/><line nr="269" mi="35" ci="0" mb="8" cb="0"/><line nr="271" mi="8" ci="0" mb="0" cb="0"/><line nr="272" mi="21" ci="0" mb="4" cb="0"/><line nr="273" mi="10" ci="0" mb="0" cb="0"/><line nr="274" mi="9" ci="0" mb="2" cb="0"/><line nr="275" mi="5" ci="0" mb="0" cb="0"/><line nr="276" mi="9" ci="0" mb="2" cb="0"/><line nr="277" mi="8" ci="0" mb="2" cb="0"/><line nr="280" mi="2" ci="0" mb="0" cb="0"/><line nr="293" mi="16" ci="0" mb="0" cb="0"/><line nr="294" mi="2" ci="0" mb="0" cb="0"/><line nr="295" mi="14" ci="0" mb="0" cb="0"/><line nr="296" mi="2" ci="0" mb="0" cb="0"/><line nr="298" mi="14" ci="0" mb="4" cb="0"/><line nr="299" mi="14" ci="0" mb="0" cb="0"/><line nr="300" mi="4" ci="0" mb="2" cb="0"/><line nr="301" mi="4" ci="0" mb="0" cb="0"/><line nr="302" mi="1" ci="0" mb="0" cb="0"/><line nr="304" mi="2" ci="0" mb="0" cb="0"/><line nr="306" mi="5" ci="0" mb="2" cb="0"/><line nr="307" mi="19" ci="0" mb="4" cb="0"/><line nr="308" mi="4" ci="0" mb="0" cb="0"/><line nr="323" mi="2" ci="0" mb="0" cb="0"/><line nr="324" mi="12" ci="0" mb="4" cb="0"/><line nr="325" mi="16" ci="0" mb="0" cb="0"/><line nr="326" mi="2" ci="0" mb="0" cb="0"/><line nr="327" mi="10" ci="0" mb="2" cb="0"/><line nr="328" mi="16" ci="0" mb="0" cb="0"/><line nr="329" mi="10" ci="0" mb="2" cb="0"/><line nr="330" mi="5" ci="0" mb="0" cb="0"/><line nr="331" mi="9" ci="0" mb="0" cb="0"/><line nr="334" mi="2" ci="0" mb="0" cb="0"/><line nr="349" mi="0" ci="6" mb="0" cb="2"/><line nr="350" mi="0" ci="2" mb="0" cb="0"/><line nr="351" mi="0" ci="25" mb="1" cb="3"/><line nr="353" mi="2" ci="0" mb="0" cb="0"/><line nr="354" mi="2" ci="0" mb="0" cb="0"/><line nr="356" mi="9" ci="0" mb="2" cb="0"/><line nr="357" mi="4" ci="0" mb="0" cb="0"/><line nr="358" mi="15" ci="0" mb="0" cb="0"/><line nr="360" mi="9" ci="0" mb="2" cb="0"/><line nr="361" mi="4" ci="0" mb="0" cb="0"/><line nr="362" mi="15" ci="0" mb="0" cb="0"/><line nr="364" mi="9" ci="0" mb="2" cb="0"/><line nr="365" mi="4" ci="0" mb="0" cb="0"/><line nr="366" mi="15" ci="0" mb="0" cb="0"/><line nr="368" mi="9" ci="0" mb="2" cb="0"/><line nr="369" mi="4" ci="0" mb="0" cb="0"/><line nr="370" mi="15" ci="0" mb="0" cb="0"/><line nr="372" mi="9" ci="0" mb="2" cb="0"/><line nr="373" mi="1" ci="0" mb="0" cb="0"/><line nr="374" mi="15" ci="0" mb="0" cb="0"/><line nr="376" mi="9" ci="0" mb="2" cb="0"/><line nr="377" mi="1" ci="0" mb="0" cb="0"/><line nr="378" mi="15" ci="0" mb="0" cb="0"/><line nr="380" mi="9" ci="0" mb="2" cb="0"/><line nr="381" mi="1" ci="0" mb="0" cb="0"/><line nr="382" mi="15" ci="0" mb="0" cb="0"/><line nr="384" mi="9" ci="0" mb="2" cb="0"/><line nr="385" mi="1" ci="0" mb="0" cb="0"/><line nr="386" mi="15" ci="0" mb="0" cb="0"/><line nr="388" mi="9" ci="0" mb="2" cb="0"/><line nr="389" mi="1" ci="0" mb="0" cb="0"/><line nr="390" mi="15" ci="0" mb="0" cb="0"/><line nr="392" mi="9" ci="0" mb="2" cb="0"/><line nr="393" mi="1" ci="0" mb="0" cb="0"/><line nr="394" mi="15" ci="0" mb="0" cb="0"/><line nr="396" mi="9" ci="0" mb="2" cb="0"/><line nr="397" mi="1" ci="0" mb="0" cb="0"/><line nr="398" mi="15" ci="0" mb="0" cb="0"/><line nr="400" mi="9" ci="0" mb="2" cb="0"/><line nr="401" mi="1" ci="0" mb="0" cb="0"/><line nr="402" mi="15" ci="0" mb="0" cb="0"/><line nr="404" mi="9" ci="0" mb="2" cb="0"/><line nr="405" mi="1" ci="0" mb="0" cb="0"/><line nr="406" mi="15" ci="0" mb="0" cb="0"/><line nr="409" mi="2" ci="0" mb="0" cb="0"/><line nr="450" mi="2" ci="0" mb="0" cb="0"/><line nr="451" mi="25" ci="0" mb="4" cb="0"/><line nr="452" mi="2" ci="0" mb="0" cb="0"/><line nr="453" mi="15" ci="0" mb="2" cb="0"/><line nr="454" mi="2" ci="0" mb="0" cb="0"/><line nr="455" mi="10" ci="0" mb="2" cb="0"/><line nr="456" mi="9" ci="0" mb="2" cb="0"/><line nr="458" mi="4" ci="0" mb="2" cb="0"/><line nr="460" mi="4" ci="0" mb="2" cb="0"/><line nr="461" mi="2" ci="0" mb="0" cb="0"/><line nr="465" mi="15" ci="0" mb="0" cb="0"/><line nr="466" mi="4" ci="0" mb="0" cb="0"/><line nr="467" mi="2" ci="0" mb="0" cb="0"/><line nr="468" mi="2" ci="0" mb="0" cb="0"/><line nr="469" mi="2" ci="0" mb="2" cb="0"/><line nr="470" mi="4" ci="0" mb="0" cb="0"/><line nr="471" mi="3" ci="0" mb="2" cb="0"/><line nr="472" mi="6" ci="0" mb="0" cb="0"/><line nr="473" mi="7" ci="0" mb="0" cb="0"/><line nr="475" mi="3" ci="0" mb="2" cb="0"/><line nr="476" mi="6" ci="0" mb="0" cb="0"/><line nr="477" mi="9" ci="0" mb="2" cb="0"/><line nr="479" mi="6" ci="0" mb="0" cb="0"/><line nr="481" mi="7" ci="0" mb="0" cb="0"/><line nr="483" mi="3" ci="0" mb="0" cb="0"/><line nr="487" mi="4" ci="0" mb="0" cb="0"/><line nr="488" mi="2" ci="0" mb="0" cb="0"/><line nr="489" mi="3" ci="0" mb="2" cb="0"/><line nr="490" mi="6" ci="0" mb="0" cb="0"/><line nr="491" mi="7" ci="0" mb="0" cb="0"/><line nr="493" mi="8" ci="0" mb="0" cb="0"/><line nr="494" mi="3" ci="0" mb="0" cb="0"/><line nr="495" mi="6" ci="0" mb="0" cb="0"/><line nr="496" mi="2" ci="0" mb="0" cb="0"/><line nr="497" mi="2" ci="0" mb="2" cb="0"/><line nr="498" mi="4" ci="0" mb="0" cb="0"/><line nr="499" mi="3" ci="0" mb="2" cb="0"/><line nr="500" mi="6" ci="0" mb="0" cb="0"/><line nr="501" mi="7" ci="0" mb="0" cb="0"/><line nr="503" mi="3" ci="0" mb="2" cb="0"/><line nr="504" mi="6" ci="0" mb="0" cb="0"/><line nr="505" mi="9" ci="0" mb="2" cb="0"/><line nr="507" mi="6" ci="0" mb="0" cb="0"/><line nr="509" mi="7" ci="0" mb="0" cb="0"/><line nr="511" mi="8" ci="0" mb="0" cb="0"/><line nr="515" mi="9" ci="0" mb="0" cb="0"/><line nr="516" mi="7" ci="0" mb="0" cb="0"/><line nr="517" mi="8" ci="0" mb="2" cb="0"/><line nr="518" mi="5" ci="0" mb="0" cb="0"/><line nr="519" mi="16" ci="0" mb="4" cb="0"/><line nr="521" mi="2" ci="0" mb="0" cb="0"/><line nr="522" mi="6" ci="0" mb="4" cb="0"/><line nr="523" mi="4" ci="0" mb="0" cb="0"/><line nr="524" mi="3" ci="0" mb="2" cb="0"/><line nr="525" mi="20" ci="0" mb="2" cb="0"/><line nr="527" mi="3" ci="0" mb="2" cb="0"/><line nr="528" mi="19" ci="0" mb="2" cb="0"/><line nr="530" mi="23" ci="0" mb="2" cb="0"/><line nr="531" mi="23" ci="0" mb="2" cb="0"/><line nr="532" mi="3" ci="0" mb="2" cb="0"/><line nr="533" mi="7" ci="0" mb="2" cb="0"/><line nr="534" mi="4" ci="0" mb="0" cb="0"/><line nr="535" mi="8" ci="0" mb="0" cb="0"/><line nr="538" mi="3" ci="0" mb="2" cb="0"/><line nr="539" mi="7" ci="0" mb="2" cb="0"/><line nr="540" mi="4" ci="0" mb="0" cb="0"/><line nr="541" mi="7" ci="0" mb="0" cb="0"/><line nr="547" mi="8" ci="0" mb="0" cb="0"/><line nr="548" mi="7" ci="0" mb="0" cb="0"/><line nr="552" mi="2" ci="0" mb="0" cb="0"/><line nr="555" mi="9" ci="0" mb="0" cb="0"/><line nr="557" mi="2" ci="0" mb="0" cb="0"/><counter type="INSTRUCTION" missed="2119" covered="95"/><counter type="BRANCH" missed="220" covered="12"/><counter type="LINE" missed="263" covered="7"/><counter type="COMPLEXITY" missed="128" covered="7"/><counter type="METHOD" missed="17" covered="2"/><counter type="CLASS" missed="0" covered="1"/></sourcefile><counter type="INSTRUCTION" missed="2119" covered="95"/><counter type="BRANCH" missed="220" covered="12"/><counter type="LINE" missed="263" covered="7"/><counter type="COMPLEXITY" missed="128" covered="7"/><counter type="METHOD" missed="17" covered="2"/><counter type="CLASS" missed="0" covered="1"/></package><package name="lesson7/task1"><class name="lesson7/task1/FilesKt$top20Words$$inlined$sortedByDescending$1" sourcefilename="Comparisons.kt"><method name="compare" desc="(Ljava/lang/Object;Ljava/lang/Object;)I" line="121"><counter type="INSTRUCTION" missed="6" covered="0"/><counter type="LINE" missed="1" covered="0"/><counter type="COMPLEXITY" missed="1" covered="0"/><counter type="METHOD" missed="1" covered="0"/></method><counter type="INSTRUCTION" missed="6" covered="0"/><counter type="LINE" missed="1" covered="0"/><counter type="COMPLEXITY" missed="1" covered="0"/><counter type="METHOD" missed="1" covered="0"/><counter type="CLASS" missed="1" covered="0"/></class><class name="lesson7/task1/FilesKt" sourcefilename="Files.kt"><method name="alignFile" desc="(Ljava/lang/String;ILjava/lang/String;)V" line="28"><counter type="INSTRUCTION" missed="118" covered="0"/><counter type="BRANCH" missed="12" covered="0"/><counter type="LINE" missed="13" covered="0"/><counter type="COMPLEXITY" missed="7" covered="0"/><counter type="METHOD" missed="1" covered="0"/></method><method name="deleteMarked" desc="(Ljava/lang/String;Ljava/lang/String;)V" line="69"><counter type="INSTRUCTION" missed="86" covered="0"/><counter type="BRANCH" missed="10" covered="0"/><counter type="LINE" missed="9" covered="0"/><counter type="COMPLEXITY" missed="6" covered="0"/><counter type="METHOD" missed="1" covered="0"/></method><method name="countSubstrings" desc="(Ljava/lang/String;Ljava/util/List;)Ljava/util/Map;" line="91"><counter type="INSTRUCTION" missed="0" covered="145"/><counter type="BRANCH" missed="0" covered="12"/><counter type="LINE" missed="0" covered="15"/><counter type="COMPLEXITY" missed="0" covered="7"/><counter type="METHOD" missed="0" covered="1"/></method><method name="sibilants" desc="(Ljava/lang/String;Ljava/lang/String;)V" line="161"><counter type="INSTRUCTION" missed="124" covered="0"/><counter type="BRANCH" missed="8" covered="0"/><counter type="LINE" missed="11" covered="0"/><counter type="COMPLEXITY" missed="5" covered="0"/><counter type="METHOD" missed="1" covered="0"/></method><method name="centerFile" desc="(Ljava/lang/String;Ljava/lang/String;)V" line="192"><counter type="INSTRUCTION" missed="194" covered="0"/><counter type="BRANCH" missed="20" covered="0"/><counter type="LINE" missed="23" covered="0"/><counter type="COMPLEXITY" missed="11" covered="0"/><counter type="METHOD" missed="1" covered="0"/></method><method name="alignFileByWidth" desc="(Ljava/lang/String;Ljava/lang/String;)V" line="266"><counter type="INSTRUCTION" missed="13" covered="0"/><counter type="LINE" missed="1" covered="0"/><counter type="COMPLEXITY" missed="1" covered="0"/><counter type="METHOD" missed="1" covered="0"/></method><method name="top20Words" desc="(Ljava/lang/String;)Ljava/util/Map;" line="290"><counter type="INSTRUCTION" missed="348" covered="0"/><counter type="BRANCH" missed="20" covered="0"/><counter type="LINE" missed="19" covered="0"/><counter type="COMPLEXITY" missed="11" covered="0"/><counter type="METHOD" missed="1" covered="0"/></method><method name="transliterate" desc="(Ljava/lang/String;Ljava/util/Map;Ljava/lang/String;)V" line="354"><counter type="INSTRUCTION" missed="359" covered="0"/><counter type="BRANCH" missed="22" covered="0"/><counter type="LINE" missed="22" covered="0"/><counter type="COMPLEXITY" missed="12" covered="0"/><counter type="METHOD" missed="1" covered="0"/></method><method name="checkLetters" desc="(Ljava/lang/String;)Z" line="387"><counter type="INSTRUCTION" missed="35" covered="0"/><counter type="BRANCH" missed="4" covered="0"/><counter type="LINE" missed="6" covered="0"/><counter type="COMPLEXITY" missed="3" covered="0"/><counter type="METHOD" missed="1" covered="0"/></method><method name="chooseLongestChaoticWord" desc="(Ljava/lang/String;Ljava/lang/String;)V" line="421"><counter type="INSTRUCTION" missed="143" covered="0"/><counter type="BRANCH" missed="12" covered="0"/><counter type="LINE" missed="12" covered="0"/><counter type="COMPLEXITY" missed="7" covered="0"/><counter type="METHOD" missed="1" covered="0"/></method><method name="isMarkdownEmpty" desc="(Ljava/lang/String;)Z" line="436"><counter type="INSTRUCTION" missed="31" covered="0"/><counter type="BRANCH" missed="10" covered="0"/><counter type="LINE" missed="1" covered="0"/><counter type="COMPLEXITY" missed="6" covered="0"/><counter type="METHOD" missed="1" covered="0"/></method><method name="pop" desc="(Ljava/util/List;)Ljava/lang/String;" line="438"><counter type="INSTRUCTION" missed="12" covered="0"/><counter type="LINE" missed="3" covered="0"/><counter type="COMPLEXITY" missed="1" covered="0"/><counter type="METHOD" missed="1" covered="0"/></method><method name="markdownToHtmlSimple" desc="(Ljava/lang/String;Ljava/lang/String;)V" line="447"><counter type="INSTRUCTION" missed="404" covered="0"/><counter type="BRANCH" missed="58" covered="0"/><counter type="LINE" missed="68" covered="0"/><counter type="COMPLEXITY" missed="30" covered="0"/><counter type="METHOD" missed="1" covered="0"/></method><method name="markdownToHtmlLists" desc="(Ljava/lang/String;Ljava/lang/String;)V" line="547"><counter type="INSTRUCTION" missed="356" covered="0"/><counter type="BRANCH" missed="40" covered="0"/><counter type="LINE" missed="37" covered="0"/><counter type="COMPLEXITY" missed="21" covered="0"/><counter type="METHOD" missed="1" covered="0"/></method><method name="markdownToHtml" desc="(Ljava/lang/String;Ljava/lang/String;)V" line="603"><counter type="INSTRUCTION" missed="579" covered="0"/><counter type="BRANCH" missed="82" covered="0"/><counter type="LINE" missed="95" covered="0"/><counter type="COMPLEXITY" missed="42" covered="0"/><counter type="METHOD" missed="1" covered="0"/></method><method name="printMultiplicationProcess" desc="(IILjava/lang/String;)V" line="769"><counter type="INSTRUCTION" missed="207" covered="0"/><counter type="BRANCH" missed="4" covered="0"/><counter type="LINE" missed="29" covered="0"/><counter type="COMPLEXITY" missed="3" covered="0"/><counter type="METHOD" missed="1" covered="0"/></method><method name="printDivisionProcess" desc="(IILjava/lang/String;)V" line="822"><counter type="INSTRUCTION" missed="363" covered="0"/><counter type="BRANCH" missed="14" covered="0"/><counter type="LINE" missed="36" covered="0"/><counter type="COMPLEXITY" missed="8" covered="0"/><counter type="METHOD" missed="1" covered="0"/></method><method name="alignFile$append" desc="(Lkotlin/jvm/internal/Ref$IntRef;ILjava/io/BufferedWriter;Ljava/lang/String;)V" line="31"><counter type="INSTRUCTION" missed="38" covered="0"/><counter type="BRANCH" missed="4" covered="0"/><counter type="LINE" missed="9" covered="0"/><counter type="COMPLEXITY" missed="3" covered="0"/><counter type="METHOD" missed="1" covered="0"/></method><method name="sibilants$correct" desc="(Ljava/lang/String;)Ljava/lang/String;" line="129"><counter type="INSTRUCTION" missed="218" covered="0"/><counter type="BRANCH" missed="32" covered="0"/><counter type="LINE" missed="25" covered="0"/><counter type="COMPLEXITY" missed="17" covered="0"/><counter type="METHOD" missed="1" covered="0"/></method><counter type="INSTRUCTION" missed="3628" covered="145"/><counter type="BRANCH" missed="352" covered="12"/><counter type="LINE" missed="419" covered="15"/><counter type="COMPLEXITY" missed="194" covered="7"/><counter type="METHOD" missed="18" covered="1"/><counter type="CLASS" missed="0" covered="1"/></class><sourcefile name="Files.kt"><line nr="28" mi="38" ci="0" mb="2" cb="0"/><line nr="29" mi="4" ci="0" mb="0" cb="0"/><line nr="31" mi="3" ci="0" mb="2" cb="0"/><line nr="32" mi="7" ci="0" mb="2" cb="0"/><line nr="33" mi="2" ci="0" mb="0" cb="0"/><line nr="34" mi="4" ci="0" mb="0" cb="0"/><line nr="36" mi="3" ci="0" mb="0" cb="0"/><line nr="37" mi="8" ci="0" mb="0" cb="0"/><line nr="40" mi="3" ci="0" mb="0" cb="0"/><line nr="41" mi="7" ci="0" mb="0" cb="0"/><line nr="42" mi="1" ci="0" mb="0" cb="0"/><line nr="43" mi="17" ci="0" mb="2" cb="0"/><line nr="44" mi="10" ci="0" mb="4" cb="0"/><line nr="45" mi="2" ci="0" mb="0" cb="0"/><line nr="46" mi="3" ci="0" mb="2" cb="0"/><line nr="47" mi="2" ci="0" mb="0" cb="0"/><line nr="48" mi="3" ci="0" mb="0" cb="0"/><line nr="50" mi="1" ci="0" mb="0" cb="0"/><line nr="52" mi="23" ci="0" mb="2" cb="0"/><line nr="53" mi="6" ci="0" mb="0" cb="0"/><line nr="56" mi="2" ci="0" mb="0" cb="0"/><line nr="57" mi="1" ci="0" mb="0" cb="0"/><line nr="69" mi="38" ci="0" mb="2" cb="0"/><line nr="70" mi="17" ci="0" mb="2" cb="0"/><line nr="71" mi="10" ci="0" mb="4" cb="0"/><line nr="72" mi="5" ci="0" mb="2" cb="0"/><line nr="73" mi="1" ci="0" mb="0" cb="0"/><line nr="74" mi="3" ci="0" mb="0" cb="0"/><line nr="75" mi="3" ci="0" mb="0" cb="0"/><line nr="78" mi="2" ci="0" mb="0" cb="0"/><line nr="79" mi="1" ci="0" mb="0" cb="0"/><line nr="91" mi="0" ci="5" mb="0" cb="0"/><line nr="92" mi="0" ci="21" mb="0" cb="2"/><line nr="93" mi="0" ci="17" mb="0" cb="2"/><line nr="94" mi="0" ci="11" mb="0" cb="0"/><line nr="95" mi="0" ci="11" mb="0" cb="2"/><line nr="96" mi="0" ci="11" mb="0" cb="0"/><line nr="97" mi="0" ci="5" mb="0" cb="2"/><line nr="98" mi="0" ci="2" mb="0" cb="0"/><line nr="99" mi="0" ci="3" mb="0" cb="0"/><line nr="101" mi="0" ci="6" mb="0" cb="2"/><line nr="102" mi="0" ci="14" mb="0" cb="2"/><line nr="103" mi="0" ci="18" mb="0" cb="0"/><line nr="104" mi="0" ci="6" mb="0" cb="0"/><line nr="105" mi="0" ci="7" mb="0" cb="0"/><line nr="110" mi="0" ci="2" mb="0" cb="0"/><line nr="129" mi="26" ci="0" mb="2" cb="0"/><line nr="130" mi="24" ci="0" mb="2" cb="0"/><line nr="131" mi="5" ci="0" mb="0" cb="0"/><line nr="132" mi="4" ci="0" mb="0" cb="0"/><line nr="133" mi="13" ci="0" mb="2" cb="0"/><line nr="134" mi="17" ci="0" mb="2" cb="0"/><line nr="135" mi="1" ci="0" mb="0" cb="0"/><line nr="136" mi="17" ci="0" mb="4" cb="0"/><line nr="137" mi="26" ci="0" mb="4" cb="0"/><line nr="139" mi="5" ci="0" mb="2" cb="0"/><line nr="140" mi="2" ci="0" mb="0" cb="0"/><line nr="141" mi="13" ci="0" mb="2" cb="0"/><line nr="142" mi="8" ci="0" mb="0" cb="0"/><line nr="143" mi="3" ci="0" mb="0" cb="0"/><line nr="144" mi="4" ci="0" mb="0" cb="0"/><line nr="145" mi="5" ci="0" mb="2" cb="0"/><line nr="146" mi="5" ci="0" mb="2" cb="0"/><line nr="147" mi="5" ci="0" mb="2" cb="0"/><line nr="148" mi="5" ci="0" mb="2" cb="0"/><line nr="149" mi="5" ci="0" mb="2" cb="0"/><line nr="150" mi="5" ci="0" mb="2" cb="0"/><line nr="151" mi="3" ci="0" mb="0" cb="0"/><line nr="154" mi="5" ci="0" mb="0" cb="0"/><line nr="156" mi="9" ci="0" mb="0" cb="0"/><line nr="157" mi="3" ci="0" mb="0" cb="0"/><line nr="161" mi="38" ci="0" mb="2" cb="0"/><line nr="162" mi="17" ci="0" mb="2" cb="0"/><line nr="163" mi="4" ci="0" mb="0" cb="0"/><line nr="164" mi="16" ci="0" mb="0" cb="0"/><line nr="165" mi="16" ci="0" mb="4" cb="0"/><line nr="166" mi="10" ci="0" mb="0" cb="0"/><line nr="167" mi="7" ci="0" mb="0" cb="0"/><line nr="168" mi="4" ci="0" mb="0" cb="0"/><line nr="169" mi="3" ci="0" mb="0" cb="0"/><line nr="171" mi="2" ci="0" mb="0" cb="0"/><line nr="172" mi="1" ci="0" mb="0" cb="0"/><line nr="192" mi="38" ci="0" mb="2" cb="0"/><line nr="193" mi="11" ci="0" mb="0" cb="0"/><line nr="194" mi="2" ci="0" mb="0" cb="0"/><line nr="195" mi="16" ci="0" mb="4" cb="0"/><line nr="196" mi="5" ci="0" mb="0" cb="0"/><line nr="197" mi="5" ci="0" mb="2" cb="0"/><line nr="198" mi="2" ci="0" mb="0" cb="0"/><line nr="199" mi="12" ci="0" mb="2" cb="0"/><line nr="200" mi="5" ci="0" mb="0" cb="0"/><line nr="201" mi="12" ci="0" mb="2" cb="0"/><line nr="202" mi="16" ci="0" mb="0" cb="0"/><line nr="203" mi="5" ci="0" mb="0" cb="0"/><line nr="204" mi="7" ci="0" mb="2" cb="0"/><line nr="206" mi="10" ci="0" mb="2" cb="0"/><line nr="207" mi="4" ci="0" mb="0" cb="0"/><line nr="208" mi="5" ci="0" mb="2" cb="0"/><line nr="209" mi="6" ci="0" mb="2" cb="0"/><line nr="210" mi="11" ci="0" mb="0" cb="0"/><line nr="212" mi="7" ci="0" mb="0" cb="0"/><line nr="213" mi="3" ci="0" mb="0" cb="0"/><line nr="214" mi="3" ci="0" mb="0" cb="0"/><line nr="216" mi="2" ci="0" mb="0" cb="0"/><line nr="217" mi="1" ci="0" mb="0" cb="0"/><line nr="266" mi="7" ci="0" mb="0" cb="0"/><line nr="290" mi="5" ci="0" mb="0" cb="0"/><line nr="291" mi="17" ci="0" mb="2" cb="0"/><line nr="292" mi="8" ci="0" mb="0" cb="0"/><line nr="293" mi="120" ci="0" mb="0" cb="0"/><line nr="294" mi="40" ci="0" mb="0" cb="0"/><line nr="296" mi="38" ci="0" mb="8" cb="0"/><line nr="299" mi="5" ci="0" mb="0" cb="0"/><line nr="301" mi="10" ci="0" mb="2" cb="0"/><line nr="302" mi="4" ci="0" mb="2" cb="0"/><line nr="303" mi="11" ci="0" mb="0" cb="0"/><line nr="305" mi="19" ci="0" mb="0" cb="0"/><line nr="306" mi="8" ci="0" mb="0" cb="0"/><line nr="307" mi="3" ci="0" mb="0" cb="0"/><line nr="308" mi="6" ci="0" mb="2" cb="0"/><line nr="309" mi="2" ci="0" mb="0" cb="0"/><line nr="311" mi="9" ci="0" mb="0" cb="0"/><line nr="312" mi="5" ci="0" mb="0" cb="0"/><line nr="313" mi="34" ci="0" mb="4" cb="0"/><line nr="314" mi="1" ci="0" mb="0" cb="0"/><line nr="354" mi="5" ci="0" mb="0" cb="0"/><line nr="355" mi="26" ci="0" mb="2" cb="0"/><line nr="356" mi="34" ci="0" mb="0" cb="0"/><line nr="357" mi="38" ci="0" mb="2" cb="0"/><line nr="358" mi="17" ci="0" mb="2" cb="0"/><line nr="359" mi="5" ci="0" mb="0" cb="0"/><line nr="361" mi="41" ci="0" mb="4" cb="0"/><line nr="362" mi="4" ci="0" mb="0" cb="0"/><line nr="363" mi="21" ci="0" mb="2" cb="0"/><line nr="364" mi="18" ci="0" mb="2" cb="0"/><line nr="365" mi="14" ci="0" mb="2" cb="0"/><line nr="366" mi="18" ci="0" mb="0" cb="0"/><line nr="367" mi="12" ci="0" mb="4" cb="0"/><line nr="368" mi="16" ci="0" mb="0" cb="0"/><line nr="369" mi="29" ci="0" mb="2" cb="0"/><line nr="371" mi="5" ci="0" mb="0" cb="0"/><line nr="374" mi="32" ci="0" mb="0" cb="0"/><line nr="377" mi="5" ci="0" mb="0" cb="0"/><line nr="380" mi="4" ci="0" mb="0" cb="0"/><line nr="381" mi="3" ci="0" mb="0" cb="0"/><line nr="383" mi="2" ci="0" mb="0" cb="0"/><line nr="384" mi="1" ci="0" mb="0" cb="0"/><line nr="387" mi="2" ci="0" mb="0" cb="0"/><line nr="388" mi="15" ci="0" mb="2" cb="0"/><line nr="389" mi="2" ci="0" mb="0" cb="0"/><line nr="390" mi="5" ci="0" mb="0" cb="0"/><line nr="391" mi="6" ci="0" mb="2" cb="0"/><line nr="393" mi="2" ci="0" mb="0" cb="0"/><line nr="421" mi="38" ci="0" mb="2" cb="0"/><line nr="422" mi="11" ci="0" mb="0" cb="0"/><line nr="423" mi="5" ci="0" mb="0" cb="0"/><line nr="424" mi="2" ci="0" mb="0" cb="0"/><line nr="425" mi="30" ci="0" mb="4" cb="0"/><line nr="426" mi="10" ci="0" mb="2" cb="0"/><line nr="427" mi="16" ci="0" mb="4" cb="0"/><line nr="428" mi="4" ci="0" mb="0" cb="0"/><line nr="429" mi="4" ci="0" mb="0" cb="0"/><line nr="432" mi="14" ci="0" mb="0" cb="0"/><line nr="433" mi="2" ci="0" mb="0" cb="0"/><line nr="434" mi="1" ci="0" mb="0" cb="0"/><line nr="436" mi="28" ci="0" mb="10" cb="0"/><line nr="438" mi="4" ci="0" mb="0" cb="0"/><line nr="439" mi="3" ci="0" mb="0" cb="0"/><line nr="440" mi="2" ci="0" mb="0" cb="0"/><line nr="447" mi="9" ci="0" mb="0" cb="0"/><line nr="448" mi="38" ci="0" mb="2" cb="0"/><line nr="449" mi="5" ci="0" mb="0" cb="0"/><line nr="450" mi="4" ci="0" mb="0" cb="0"/><line nr="451" mi="5" ci="0" mb="0" cb="0"/><line nr="453" mi="4" ci="0" mb="0" cb="0"/><line nr="454" mi="21" ci="0" mb="8" cb="0"/><line nr="455" mi="2" ci="0" mb="0" cb="0"/><line nr="456" mi="17" ci="0" mb="4" cb="0"/><line nr="457" mi="6" ci="0" mb="2" cb="0"/><line nr="458" mi="14" ci="0" mb="4" cb="0"/><line nr="459" mi="6" ci="0" mb="0" cb="0"/><line nr="460" mi="7" ci="0" mb="0" cb="0"/><line nr="462" mi="12" ci="0" mb="2" cb="0"/><line nr="463" mi="10" ci="0" mb="2" cb="0"/><line nr="464" mi="3" ci="0" mb="2" cb="0"/><line nr="465" mi="4" ci="0" mb="0" cb="0"/><line nr="466" mi="1" ci="0" mb="0" cb="0"/><line nr="468" mi="2" ci="0" mb="0" cb="0"/><line nr="469" mi="4" ci="0" mb="2" cb="0"/><line nr="470" mi="4" ci="0" mb="0" cb="0"/><line nr="471" mi="3" ci="0" mb="2" cb="0"/><line nr="472" mi="13" ci="0" mb="4" cb="0"/><line nr="473" mi="4" ci="0" mb="2" cb="0"/><line nr="474" mi="4" ci="0" mb="0" cb="0"/><line nr="475" mi="5" ci="0" mb="0" cb="0"/><line nr="477" mi="4" ci="0" mb="0" cb="0"/><line nr="478" mi="4" ci="0" mb="0" cb="0"/><line nr="480" mi="2" ci="0" mb="0" cb="0"/><line nr="483" mi="3" ci="0" mb="2" cb="0"/><line nr="484" mi="13" ci="0" mb="4" cb="0"/><line nr="485" mi="13" ci="0" mb="4" cb="0"/><line nr="486" mi="1" ci="0" mb="0" cb="0"/><line nr="487" mi="4" ci="0" mb="2" cb="0"/><line nr="488" mi="4" ci="0" mb="2" cb="0"/><line nr="489" mi="7" ci="0" mb="2" cb="0"/><line nr="490" mi="5" ci="0" mb="0" cb="0"/><line nr="492" mi="4" ci="0" mb="0" cb="0"/><line nr="493" mi="4" ci="0" mb="0" cb="0"/><line nr="494" mi="5" ci="0" mb="0" cb="0"/><line nr="496" mi="4" ci="0" mb="0" cb="0"/><line nr="497" mi="4" ci="0" mb="0" cb="0"/><line nr="498" mi="5" ci="0" mb="0" cb="0"/><line nr="500" mi="4" ci="0" mb="2" cb="0"/><line nr="501" mi="4" ci="0" mb="0" cb="0"/><line nr="502" mi="4" ci="0" mb="0" cb="0"/><line nr="503" mi="5" ci="0" mb="0" cb="0"/><line nr="505" mi="4" ci="0" mb="0" cb="0"/><line nr="506" mi="4" ci="0" mb="0" cb="0"/><line nr="507" mi="5" ci="0" mb="0" cb="0"/><line nr="510" mi="1" ci="0" mb="0" cb="0"/><line nr="511" mi="4" ci="0" mb="2" cb="0"/><line nr="512" mi="4" ci="0" mb="0" cb="0"/><line nr="513" mi="5" ci="0" mb="0" cb="0"/><line nr="515" mi="4" ci="0" mb="0" cb="0"/><line nr="516" mi="5" ci="0" mb="0" cb="0"/><line nr="520" mi="6" ci="0" mb="0" cb="0"/><line nr="521" mi="4" ci="0" mb="2" cb="0"/><line nr="522" mi="4" ci="0" mb="0" cb="0"/><line nr="523" mi="5" ci="0" mb="0" cb="0"/><line nr="525" mi="4" ci="0" mb="0" cb="0"/><line nr="526" mi="5" ci="0" mb="0" cb="0"/><line nr="531" mi="6" ci="0" mb="0" cb="0"/><line nr="532" mi="7" ci="0" mb="0" cb="0"/><line nr="538" mi="4" ci="0" mb="0" cb="0"/><line nr="539" mi="4" ci="0" mb="0" cb="0"/><line nr="540" mi="2" ci="0" mb="0" cb="0"/><line nr="541" mi="1" ci="0" mb="0" cb="0"/><line nr="547" mi="9" ci="0" mb="0" cb="0"/><line nr="548" mi="38" ci="0" mb="2" cb="0"/><line nr="549" mi="4" ci="0" mb="0" cb="0"/><line nr="550" mi="4" ci="0" mb="0" cb="0"/><line nr="551" mi="10" ci="0" mb="4" cb="0"/><line nr="552" mi="2" ci="0" mb="0" cb="0"/><line nr="553" mi="5" ci="0" mb="0" cb="0"/><line nr="554" mi="2" ci="0" mb="0" cb="0"/><line nr="555" mi="14" ci="0" mb="2" cb="0"/><line nr="556" mi="36" ci="0" mb="6" cb="0"/><line nr="557" mi="29" ci="0" mb="0" cb="0"/><line nr="558" mi="14" ci="0" mb="4" cb="0"/><line nr="559" mi="5" ci="0" mb="0" cb="0"/><line nr="560" mi="4" ci="0" mb="2" cb="0"/><line nr="561" mi="2" ci="0" mb="0" cb="0"/><line nr="562" mi="12" ci="0" mb="2" cb="0"/><line nr="563" mi="8" ci="0" mb="2" cb="0"/><line nr="564" mi="4" ci="0" mb="0" cb="0"/><line nr="565" mi="4" ci="0" mb="0" cb="0"/><line nr="566" mi="3" ci="0" mb="2" cb="0"/><line nr="567" mi="4" ci="0" mb="0" cb="0"/><line nr="568" mi="2" ci="0" mb="0" cb="0"/><line nr="570" mi="8" ci="0" mb="2" cb="0"/><line nr="571" mi="4" ci="0" mb="0" cb="0"/><line nr="572" mi="2" ci="0" mb="0" cb="0"/><line nr="574" mi="18" ci="0" mb="0" cb="0"/><line nr="577" mi="8" ci="0" mb="2" cb="0"/><line nr="578" mi="15" ci="0" mb="0" cb="0"/><line nr="580" mi="4" ci="0" mb="0" cb="0"/><line nr="582" mi="32" ci="0" mb="8" cb="0"/><line nr="583" mi="15" ci="0" mb="0" cb="0"/><line nr="585" mi="3" ci="0" mb="2" cb="0"/><line nr="586" mi="15" ci="0" mb="0" cb="0"/><line nr="589" mi="4" ci="0" mb="0" cb="0"/><line nr="590" mi="4" ci="0" mb="0" cb="0"/><line nr="591" mi="2" ci="0" mb="0" cb="0"/><line nr="592" mi="1" ci="0" mb="0" cb="0"/><line nr="603" mi="9" ci="0" mb="0" cb="0"/><line nr="604" mi="5" ci="0" mb="0" cb="0"/><line nr="605" mi="38" ci="0" mb="2" cb="0"/><line nr="607" mi="3" ci="0" mb="0" cb="0"/><line nr="608" mi="21" ci="0" mb="8" cb="0"/><line nr="609" mi="4" ci="0" mb="0" cb="0"/><line nr="610" mi="5" ci="0" mb="0" cb="0"/><line nr="611" mi="5" ci="0" mb="0" cb="0"/><line nr="612" mi="2" ci="0" mb="0" cb="0"/><line nr="613" mi="2" ci="0" mb="0" cb="0"/><line nr="615" mi="17" ci="0" mb="4" cb="0"/><line nr="616" mi="6" ci="0" mb="2" cb="0"/><line nr="617" mi="14" ci="0" mb="4" cb="0"/><line nr="618" mi="6" ci="0" mb="0" cb="0"/><line nr="619" mi="7" ci="0" mb="0" cb="0"/><line nr="621" mi="6" ci="0" mb="2" cb="0"/><line nr="622" mi="6" ci="0" mb="0" cb="0"/><line nr="624" mi="4" ci="0" mb="0" cb="0"/><line nr="625" mi="10" ci="0" mb="2" cb="0"/><line nr="626" mi="3" ci="0" mb="2" cb="0"/><line nr="627" mi="4" ci="0" mb="0" cb="0"/><line nr="628" mi="1" ci="0" mb="0" cb="0"/><line nr="630" mi="2" ci="0" mb="0" cb="0"/><line nr="631" mi="12" ci="0" mb="2" cb="0"/><line nr="632" mi="4" ci="0" mb="2" cb="0"/><line nr="633" mi="8" ci="0" mb="2" cb="0"/><line nr="634" mi="4" ci="0" mb="0" cb="0"/><line nr="635" mi="3" ci="0" mb="2" cb="0"/><line nr="636" mi="4" ci="0" mb="0" cb="0"/><line nr="637" mi="5" ci="0" mb="0" cb="0"/><line nr="639" mi="8" ci="0" mb="2" cb="0"/><line nr="640" mi="4" ci="0" mb="0" cb="0"/><line nr="641" mi="5" ci="0" mb="0" cb="0"/><line nr="644" mi="7" ci="0" mb="0" cb="0"/><line nr="647" mi="8" ci="0" mb="2" cb="0"/><line nr="648" mi="15" ci="0" mb="0" cb="0"/><line nr="650" mi="4" ci="0" mb="0" cb="0"/><line nr="651" mi="3" ci="0" mb="2" cb="0"/><line nr="652" mi="5" ci="0" mb="0" cb="0"/><line nr="654" mi="8" ci="0" mb="2" cb="0"/><line nr="655" mi="4" ci="0" mb="0" cb="0"/><line nr="663" mi="6" ci="0" mb="0" cb="0"/><line nr="664" mi="27" ci="0" mb="6" cb="0"/><line nr="665" mi="4" ci="0" mb="2" cb="0"/><line nr="666" mi="4" ci="0" mb="0" cb="0"/><line nr="667" mi="3" ci="0" mb="2" cb="0"/><line nr="668" mi="13" ci="0" mb="4" cb="0"/><line nr="669" mi="4" ci="0" mb="2" cb="0"/><line nr="670" mi="4" ci="0" mb="0" cb="0"/><line nr="671" mi="5" ci="0" mb="0" cb="0"/><line nr="673" mi="4" ci="0" mb="0" cb="0"/><line nr="674" mi="4" ci="0" mb="0" cb="0"/><line nr="676" mi="2" ci="0" mb="0" cb="0"/><line nr="679" mi="3" ci="0" mb="2" cb="0"/><line nr="680" mi="13" ci="0" mb="4" cb="0"/><line nr="681" mi="13" ci="0" mb="4" cb="0"/><line nr="682" mi="1" ci="0" mb="0" cb="0"/><line nr="683" mi="4" ci="0" mb="2" cb="0"/><line nr="684" mi="4" ci="0" mb="2" cb="0"/><line nr="685" mi="7" ci="0" mb="2" cb="0"/><line nr="686" mi="5" ci="0" mb="0" cb="0"/><line nr="688" mi="4" ci="0" mb="0" cb="0"/><line nr="689" mi="4" ci="0" mb="0" cb="0"/><line nr="690" mi="5" ci="0" mb="0" cb="0"/><line nr="692" mi="4" ci="0" mb="0" cb="0"/><line nr="693" mi="4" ci="0" mb="0" cb="0"/><line nr="694" mi="5" ci="0" mb="0" cb="0"/><line nr="696" mi="4" ci="0" mb="2" cb="0"/><line nr="697" mi="4" ci="0" mb="0" cb="0"/><line nr="698" mi="4" ci="0" mb="0" cb="0"/><line nr="699" mi="5" ci="0" mb="0" cb="0"/><line nr="701" mi="4" ci="0" mb="0" cb="0"/><line nr="702" mi="4" ci="0" mb="0" cb="0"/><line nr="703" mi="5" ci="0" mb="0" cb="0"/><line nr="706" mi="1" ci="0" mb="0" cb="0"/><line nr="707" mi="4" ci="0" mb="2" cb="0"/><line nr="708" mi="4" ci="0" mb="0" cb="0"/><line nr="709" mi="5" ci="0" mb="0" cb="0"/><line nr="711" mi="4" ci="0" mb="0" cb="0"/><line nr="712" mi="5" ci="0" mb="0" cb="0"/><line nr="716" mi="6" ci="0" mb="0" cb="0"/><line nr="717" mi="4" ci="0" mb="2" cb="0"/><line nr="718" mi="4" ci="0" mb="0" cb="0"/><line nr="719" mi="5" ci="0" mb="0" cb="0"/><line nr="721" mi="4" ci="0" mb="0" cb="0"/><line nr="722" mi="5" ci="0" mb="0" cb="0"/><line nr="727" mi="6" ci="0" mb="0" cb="0"/><line nr="728" mi="7" ci="0" mb="0" cb="0"/><line nr="733" mi="3" ci="0" mb="2" cb="0"/><line nr="734" mi="15" ci="0" mb="0" cb="0"/><line nr="736" mi="4" ci="0" mb="0" cb="0"/><line nr="737" mi="4" ci="0" mb="0" cb="0"/><line nr="739" mi="3" ci="0" mb="0" cb="0"/><line nr="740" mi="2" ci="0" mb="0" cb="0"/><line nr="741" mi="1" ci="0" mb="0" cb="0"/><line nr="769" mi="38" ci="0" mb="2" cb="0"/><line nr="770" mi="4" ci="0" mb="0" cb="0"/><line nr="771" mi="6" ci="0" mb="0" cb="0"/><line nr="772" mi="10" ci="0" mb="0" cb="0"/><line nr="773" mi="10" ci="0" mb="0" cb="0"/><line nr="774" mi="3" ci="0" mb="0" cb="0"/><line nr="775" mi="12" ci="0" mb="0" cb="0"/><line nr="776" mi="10" ci="0" mb="0" cb="0"/><line nr="777" mi="6" ci="0" mb="0" cb="0"/><line nr="778" mi="2" ci="0" mb="0" cb="0"/><line nr="779" mi="4" ci="0" mb="0" cb="0"/><line nr="780" mi="5" ci="0" mb="0" cb="0"/><line nr="781" mi="8" ci="0" mb="0" cb="0"/><line nr="782" mi="10" ci="0" mb="0" cb="0"/><line nr="783" mi="10" ci="0" mb="0" cb="0"/><line nr="784" mi="6" ci="0" mb="0" cb="0"/><line nr="785" mi="3" ci="0" mb="2" cb="0"/><line nr="786" mi="3" ci="0" mb="0" cb="0"/><line nr="787" mi="8" ci="0" mb="0" cb="0"/><line nr="788" mi="15" ci="0" mb="0" cb="0"/><line nr="789" mi="4" ci="0" mb="0" cb="0"/><line nr="790" mi="2" ci="0" mb="0" cb="0"/><line nr="791" mi="7" ci="0" mb="0" cb="0"/><line nr="793" mi="6" ci="0" mb="0" cb="0"/><line nr="794" mi="2" ci="0" mb="0" cb="0"/><line nr="795" mi="3" ci="0" mb="0" cb="0"/><line nr="796" mi="4" ci="0" mb="0" cb="0"/><line nr="797" mi="2" ci="0" mb="0" cb="0"/><line nr="798" mi="1" ci="0" mb="0" cb="0"/><line nr="822" mi="4" ci="0" mb="0" cb="0"/><line nr="823" mi="4" ci="0" mb="0" cb="0"/><line nr="824" mi="4" ci="0" mb="0" cb="0"/><line nr="825" mi="2" ci="0" mb="0" cb="0"/><line nr="826" mi="2" ci="0" mb="0" cb="0"/><line nr="827" mi="8" ci="0" mb="4" cb="0"/><line nr="828" mi="4" ci="0" mb="0" cb="0"/><line nr="829" mi="8" ci="0" mb="0" cb="0"/><line nr="830" mi="7" ci="0" mb="0" cb="0"/><line nr="832" mi="6" ci="0" mb="0" cb="0"/><line nr="833" mi="10" ci="0" mb="0" cb="0"/><line nr="834" mi="19" ci="0" mb="2" cb="0"/><line nr="835" mi="10" ci="0" mb="0" cb="0"/><line nr="836" mi="4" ci="0" mb="0" cb="0"/><line nr="837" mi="3" ci="0" mb="0" cb="0"/><line nr="838" mi="33" ci="0" mb="0" cb="0"/><line nr="840" mi="14" ci="0" mb="0" cb="0"/><line nr="841" mi="9" ci="0" mb="0" cb="0"/><line nr="842" mi="5" ci="0" mb="0" cb="0"/><line nr="843" mi="4" ci="0" mb="2" cb="0"/><line nr="844" mi="4" ci="0" mb="0" cb="0"/><line nr="845" mi="6" ci="0" mb="2" cb="0"/><line nr="846" mi="4" ci="0" mb="0" cb="0"/><line nr="847" mi="14" ci="0" mb="0" cb="0"/><line nr="848" mi="6" ci="0" mb="0" cb="0"/><line nr="849" mi="6" ci="0" mb="0" cb="0"/><line nr="850" mi="16" ci="0" mb="0" cb="0"/><line nr="851" mi="3" ci="0" mb="0" cb="0"/><line nr="852" mi="28" ci="0" mb="2" cb="0"/><line nr="854" mi="26" ci="0" mb="0" cb="0"/><line nr="855" mi="24" ci="0" mb="0" cb="0"/><line nr="857" mi="18" ci="0" mb="0" cb="0"/><line nr="858" mi="38" ci="0" mb="2" cb="0"/><line nr="859" mi="4" ci="0" mb="0" cb="0"/><line nr="860" mi="2" ci="0" mb="0" cb="0"/><line nr="861" mi="1" ci="0" mb="0" cb="0"/><counter type="INSTRUCTION" missed="3628" covered="145"/><counter type="BRANCH" missed="352" covered="12"/><counter type="LINE" missed="419" covered="15"/><counter type="COMPLEXITY" missed="194" covered="7"/><counter type="METHOD" missed="18" covered="1"/><counter type="CLASS" missed="0" covered="1"/></sourcefile><sourcefile name="Comparisons.kt"><line nr="121" mi="6" ci="0" mb="0" cb="0"/><counter type="INSTRUCTION" missed="6" covered="0"/><counter type="LINE" missed="1" covered="0"/><counter type="COMPLEXITY" missed="1" covered="0"/><counter type="METHOD" missed="1" covered="0"/><counter type="CLASS" missed="1" covered="0"/></sourcefile><counter type="INSTRUCTION" missed="3634" covered="145"/><counter type="BRANCH" missed="352" covered="12"/><counter type="LINE" missed="420" covered="15"/><counter type="COMPLEXITY" missed="195" covered="7"/><counter type="METHOD" missed="19" covered="1"/><counter type="CLASS" missed="1" covered="1"/></package><package name="lesson5/task1"><class name="lesson5/task1/MapKt" sourcefilename="Map.kt"><method name="shoppingListCost" desc="(Ljava/util/List;Ljava/util/Map;)D" line="63"><counter type="INSTRUCTION" missed="33" covered="0"/><counter type="BRANCH" missed="4" covered="0"/><counter type="LINE" missed="6" covered="0"/><counter type="COMPLEXITY" missed="3" covered="0"/><counter type="METHOD" missed="1" covered="0"/></method><method name="filterByCountryCode" desc="(Ljava/util/Map;Ljava/lang/String;)V" line="85"><counter type="INSTRUCTION" missed="64" covered="0"/><counter type="BRANCH" missed="6" covered="0"/><counter type="LINE" missed="7" covered="0"/><counter type="COMPLEXITY" missed="4" covered="0"/><counter type="METHOD" missed="1" covered="0"/></method><method name="removeFillerWords" desc="(Ljava/util/List;[Ljava/lang/String;)Ljava/util/List;" line="108"><counter type="INSTRUCTION" missed="41" covered="0"/><counter type="BRANCH" missed="4" covered="0"/><counter type="LINE" missed="6" covered="0"/><counter type="COMPLEXITY" missed="3" covered="0"/><counter type="METHOD" missed="1" covered="0"/></method><method name="buildWordSet" desc="(Ljava/util/List;)Ljava/util/Set;" line="125"><counter type="INSTRUCTION" missed="25" covered="0"/><counter type="BRANCH" missed="2" covered="0"/><counter type="LINE" missed="3" covered="0"/><counter type="COMPLEXITY" missed="2" covered="0"/><counter type="METHOD" missed="1" covered="0"/></method><method name="buildGrades" desc="(Ljava/util/Map;)Ljava/util/Map;" line="142"><counter type="INSTRUCTION" missed="78" covered="0"/><counter type="BRANCH" missed="4" covered="0"/><counter type="LINE" missed="8" covered="0"/><counter type="COMPLEXITY" missed="3" covered="0"/><counter type="METHOD" missed="1" covered="0"/></method><method name="containsIn" desc="(Ljava/util/Map;Ljava/util/Map;)Z" line="166"><counter type="INSTRUCTION" missed="10" covered="25"/><counter type="BRANCH" missed="3" covered="3"/><counter type="LINE" missed="1" covered="3"/><counter type="COMPLEXITY" mi
[...]
="9" ci="0" mb="0" cb="0"/><line nr="36" mi="4" ci="0" mb="0" cb="0"/><line nr="37" mi="4" ci="0" mb="0" cb="0"/><line nr="38" mi="13" ci="0" mb="0" cb="0"/><line nr="39" mi="10" ci="0" mb="4" cb="0"/><line nr="40" mi="4" ci="0" mb="0" cb="0"/><line nr="41" mi="8" ci="0" mb="0" cb="0"/><line nr="42" mi="6" ci="0" mb="2" cb="0"/><line nr="43" mi="11" ci="0" mb="2" cb="0"/><line nr="44" mi="9" ci="0" mb="2" cb="0"/><line nr="45" mi="12" ci="0" mb="0" cb="0"/><line nr="46" mi="5" ci="0" mb="0" cb="0"/><line nr="49" mi="2" ci="0" mb="0" cb="0"/><line nr="60" mi="17" ci="0" mb="2" cb="0"/><line nr="63" mi="7" ci="0" mb="2" cb="0"/><line nr="65" mi="5" ci="0" mb="0" cb="0"/><line nr="66" mi="16" ci="0" mb="4" cb="0"/><line nr="67" mi="18" ci="0" mb="2" cb="0"/><line nr="68" mi="2" ci="0" mb="0" cb="0"/><line nr="69" mi="9" ci="0" mb="2" cb="0"/><line nr="70" mi="1" ci="0" mb="0" cb="0"/><counter type="INSTRUCTION" missed="271" covered="0"/><counter type="BRANCH" missed="24" covered="0"/><counter type="LINE" missed="32" covered="0"/><counter type="COMPLEXITY" missed="24" covered="0"/><counter type="METHOD" missed="12" covered="0"/><counter type="CLASS" missed="2" covered="0"/></sourcefile><counter type="INSTRUCTION" missed="271" covered="0"/><counter type="BRANCH" missed="24" covered="0"/><counter type="LINE" missed="32" covered="0"/><counter type="COMPLEXITY" missed="24" covered="0"/><counter type="METHOD" missed="12" covered="0"/><counter type="CLASS" missed="2" covered="0"/></package><package name="lesson8/task2"><class name="lesson8/task2/ChessKt" sourcefilename="Chess.kt"><method name="square" desc="(Ljava/lang/String;)Llesson8/task2/Square;" line="39"><counter type="INSTRUCTION" missed="47" covered="0"/><counter type="BRANCH" missed="4" covered="0"/><counter type="LINE" missed="4" covered="0"/><counter type="COMPLEXITY" missed="3" covered="0"/><counter type="METHOD" missed="1" covered="0"/></method><method name="rookMoveNumber" desc="(Llesson8/task2/Square;Llesson8/task2/Square;)I" line="69"><counter type="INSTRUCTION" missed="37" covered="0"/><counter type="BRANCH" missed="10" covered="0"/><counter type="LINE" missed="4" covered="0"/><counter type="COMPLEXITY" missed="6" covered="0"/><counter type="METHOD" missed="1" covered="0"/></method><method name="rookTrajectory" desc="(Llesson8/task2/Square;Llesson8/task2/Square;)Ljava/util/List;" line="90"><counter type="INSTRUCTION" missed="53" covered="0"/><counter type="BRANCH" missed="3" covered="0"/><counter type="LINE" missed="5" covered="0"/><counter type="COMPLEXITY" missed="3" covered="0"/><counter type="METHOD" missed="1" covered="0"/></method><method name="bishopMoveNumber" desc="(Llesson8/task2/Square;Llesson8/task2/Square;)I" line="120"><counter type="INSTRUCTION" missed="13" covered="0"/><counter type="LINE" missed="1" covered="0"/><counter type="COMPLEXITY" missed="1" covered="0"/><counter type="METHOD" missed="1" covered="0"/></method><method name="bishopTrajectory" desc="(Llesson8/task2/Square;Llesson8/task2/Square;)Ljava/util/List;" line="140"><counter type="INSTRUCTION" missed="13" covered="0"/><counter type="LINE" missed="1" covered="0"/><counter type="COMPLEXITY" missed="1" covered="0"/><counter type="METHOD" missed="1" covered="0"/></method><method name="kingMoveNumber" desc="(Llesson8/task2/Square;Llesson8/task2/Square;)I" line="162"><counter type="INSTRUCTION" missed="13" covered="0"/><counter type="LINE" missed="1" covered="0"/><counter type="COMPLEXITY" missed="1" covered="0"/><counter type="METHOD" missed="1" covered="0"/></method><method name="kingTrajectory" desc="(Llesson8/task2/Square;Llesson8/task2/Square;)Ljava/util/List;" line="178"><counter type="INSTRUCTION" missed="13" covered="0"/><counter type="LINE" missed="1" covered="0"/><counter type="COMPLEXITY" missed="1" covered="0"/><counter type="METHOD" missed="1" covered="0"/></method><method name="knightMoveNumber" desc="(Llesson8/task2/Square;Llesson8/task2/Square;)I" line="203"><counter type="INSTRUCTION" missed="13" covered="0"/><counter type="LINE" missed="1" covered="0"/><counter type="COMPLEXITY" missed="1" covered="0"/><counter type="METHOD" missed="1" covered="0"/></method><method name="knightTrajectory" desc="(Llesson8/task2/Square;Llesson8/task2/Square;)Ljava/util/List;" line="225"><counter type="INSTRUCTION" missed="13" covered="0"/><counter type="LINE" missed="1" covered="0"/><counter type="COMPLEXITY" missed="1" covered="0"/><counter type="METHOD" missed="1" covered="0"/></method><counter type="INSTRUCTION" missed="215" covered="0"/><counter type="BRANCH" missed="17" covered="0"/><counter type="LINE" missed="19" covered="0"/><counter type="COMPLEXITY" missed="18" covered="0"/><counter type="METHOD" missed="9" covered="0"/><counter type="CLASS" missed="1" covered="0"/></class><class name="lesson8/task2/Square" sourcefilename="Chess.kt"><method name="&lt;init&gt;" desc="(II)V" line="10"><counter type="INSTRUCTION" missed="9" covered="0"/><counter type="LINE" missed="1" covered="0"/><counter type="COMPLEXITY" missed="1" covered="0"/><counter type="METHOD" missed="1" covered="0"/></method><method name="getColumn" desc="()I" line="10"><counter type="INSTRUCTION" missed="3" covered="0"/><counter type="LINE" missed="1" covered="0"/><counter type="COMPLEXITY" missed="1" covered="0"/><counter type="METHOD" missed="1" covered="0"/></method><method name="getRow" desc="()I" line="10"><counter type="INSTRUCTION" missed="3" covered="0"/><counter type="LINE" missed="1" covered="0"/><counter type="COMPLEXITY" missed="1" covered="0"/><counter type="METHOD" missed="1" covered="0"/></method><method name="inside" desc="()Z" line="16"><counter type="INSTRUCTION" missed="34" covered="0"/><counter type="BRANCH" missed="12" covered="0"/><counter type="LINE" missed="1" covered="0"/><counter type="COMPLEXITY" missed="7" covered="0"/><counter type="METHOD" missed="1" covered="0"/></method><method name="notation" desc="()Ljava/lang/String;" line="25"><counter type="INSTRUCTION" missed="30" covered="0"/><counter type="BRANCH" missed="2" covered="0"/><counter type="LINE" missed="4" covered="0"/><counter type="COMPLEXITY" missed="2" covered="0"/><counter type="METHOD" missed="1" covered="0"/></method><counter type="INSTRUCTION" missed="79" covered="0"/><counter type="BRANCH" missed="14" covered="0"/><counter type="LINE" missed="6" covered="0"/><counter type="COMPLEXITY" missed="12" covered="0"/><counter type="METHOD" missed="5" covered="0"/><counter type="CLASS" missed="1" covered="0"/></class><sourcefile name="Chess.kt"><line nr="10" mi="15" ci="0" mb="0" cb="0"/><line nr="16" mi="34" ci="0" mb="12" cb="0"/><line nr="25" mi="9" ci="0" mb="2" cb="0"/><line nr="26" mi="9" ci="0" mb="0" cb="0"/><line nr="27" mi="10" ci="0" mb="0" cb="0"/><line nr="28" mi="2" ci="0" mb="0" cb="0"/><line nr="39" mi="9" ci="0" mb="2" cb="0"/><line nr="40" mi="12" ci="0" mb="0" cb="0"/><line nr="41" mi="5" ci="0" mb="0" cb="0"/><line nr="42" mi="18" ci="0" mb="2" cb="0"/><line nr="69" mi="11" ci="0" mb="4" cb="0"/><line nr="70" mi="7" ci="0" mb="2" cb="0"/><line nr="71" mi="12" ci="0" mb="4" cb="0"/><line nr="72" mi="1" ci="0" mb="0" cb="0"/><line nr="90" mi="6" ci="0" mb="3" cb="0"/><line nr="91" mi="3" ci="0" mb="0" cb="0"/><line nr="92" mi="14" ci="0" mb="0" cb="0"/><line nr="93" mi="23" ci="0" mb="0" cb="0"/><line nr="94" mi="1" ci="0" mb="0" cb="0"/><line nr="120" mi="7" ci="0" mb="0" cb="0"/><line nr="140" mi="7" ci="0" mb="0" cb="0"/><line nr="162" mi="7" ci="0" mb="0" cb="0"/><line nr="178" mi="7" ci="0" mb="0" cb="0"/><line nr="203" mi="7" ci="0" mb="0" cb="0"/><line nr="225" mi="7" ci="0" mb="0" cb="0"/><counter type="INSTRUCTION" missed="294" covered="0"/><counter type="BRANCH" missed="31" covered="0"/><counter type="LINE" missed="25" covered="0"/><counter type="COMPLEXITY" missed="30" covered="0"/><counter type="METHOD" missed="14" covered="0"/><counter type="CLASS" missed="2" covered="0"/></sourcefile><counter type="INSTRUCTION" missed="294" covered="0"/><counter type="BRANCH" missed="31" covered="0"/><counter type="LINE" missed="25" covered="0"/><counter type="COMPLEXITY" missed="30" covered="0"/><counter type="METHOD" missed="14" covered="0"/><counter type="CLASS" missed="2" covered="0"/></package><package name="lesson3/task1"><class name="lesson3/task1/LoopKt" sourcefilename="Loop.kt"><method name="factorial" desc="(I)D" line="21"><counter type="INSTRUCTION" missed="20" covered="0"/><counter type="BRANCH" missed="4" covered="0"/><counter type="LINE" missed="4" covered="0"/><counter type="COMPLEXITY" missed="3" covered="0"/><counter type="METHOD" missed="1" covered="0"/></method><method name="isPrime" desc="(I)Z" line="34"><counter type="INSTRUCTION" missed="47" covered="0"/><counter type="BRANCH" missed="12" covered="0"/><counter type="LINE" missed="6" covered="0"/><counter type="COMPLEXITY" missed="7" covered="0"/><counter type="METHOD" missed="1" covered="0"/></method><method name="isPerfect" desc="(I)Z" line="49"><counter type="INSTRUCTION" missed="37" covered="0"/><counter type="BRANCH" missed="10" covered="0"/><counter type="LINE" missed="6" covered="0"/><counter type="COMPLEXITY" missed="6" covered="0"/><counter type="METHOD" missed="1" covered="0"/></method><method name="digitCountInNumber" desc="(II)I" line="64"><counter type="INSTRUCTION" missed="23" covered="0"/><counter type="BRANCH" missed="4" covered="0"/><counter type="LINE" missed="5" covered="0"/><counter type="COMPLEXITY" missed="3" covered="0"/><counter type="METHOD" missed="1" covered="0"/></method><method name="digitNumber" desc="(I)I" line="79"><counter type="INSTRUCTION" missed="23" covered="0"/><counter type="BRANCH" missed="4" covered="0"/><counter type="LINE" missed="7" covered="0"/><counter type="COMPLEXITY" missed="3" covered="0"/><counter type="METHOD" missed="1" covered="0"/></method><method name="fib" desc="(I)I" line="96"><counter type="INSTRUCTION" missed="30" covered="0"/><counter type="BRANCH" missed="2" covered="0"/><counter type="LINE" missed="9" covered="0"/><counter type="COMPLEXITY" missed="2" covered="0"/><counter type="METHOD" missed="1" covered="0"/></method><method name="minDivisor" desc="(I)I" line="115"><counter type="INSTRUCTION" missed="22" covered="0"/><counter type="BRANCH" missed="8" covered="0"/><counter type="LINE" missed="2" covered="0"/><counter type="COMPLEXITY" missed="5" covered="0"/><counter type="METHOD" missed="1" covered="0"/></method><method name="maxDivisor" desc="(I)I" line="125"><counter type="INSTRUCTION" missed="24" covered="0"/><counter type="BRANCH" missed="8" covered="0"/><counter type="LINE" missed="2" covered="0"/><counter type="COMPLEXITY" missed="5" covered="0"/><counter type="METHOD" missed="1" covered="0"/></method><method name="collatzSteps" desc="(I)I" line="146"><counter type="INSTRUCTION" missed="31" covered="0"/><counter type="BRANCH" missed="4" covered="0"/><counter type="LINE" missed="8" covered="0"/><counter type="COMPLEXITY" missed="3" covered="0"/><counter type="METHOD" missed="1" covered="0"/></method><method name="gcd" desc="(II)I" line="160"><counter type="INSTRUCTION" missed="25" covered="0"/><counter type="BRANCH" missed="6" covered="0"/><counter type="LINE" missed="5" covered="0"/><counter type="COMPLEXITY" missed="4" covered="0"/><counter type="METHOD" missed="1" covered="0"/></method><method name="lcm" desc="(II)I" line="174"><counter type="INSTRUCTION" missed="8" covered="0"/><counter type="LINE" missed="1" covered="0"/><counter type="COMPLEXITY" missed="1" covered="0"/><counter type="METHOD" missed="1" covered="0"/></method><method name="isCoPrime" desc="(II)Z" line="183"><counter type="INSTRUCTION" missed="9" covered="0"/><counter type="BRANCH" missed="2" covered="0"/><counter type="LINE" missed="1" covered="0"/><counter type="COMPLEXITY" missed="2" covered="0"/><counter type="METHOD" missed="1" covered="0"/></method><method name="revert" desc="(I)I" line="193"><counter type="INSTRUCTION" missed="25" covered="0"/><counter type="BRANCH" missed="4" covered="0"/><counter type="LINE" missed="7" covered="0"/><counter type="COMPLEXITY" missed="3" covered="0"/><counter type="METHOD" missed="1" covered="0"/></method><method name="isPalindrome" desc="(I)Z" line="212"><counter type="INSTRUCTION" missed="8" covered="0"/><counter type="BRANCH" missed="2" covered="0"/><counter type="LINE" missed="1" covered="0"/><counter type="COMPLEXITY" missed="2" covered="0"/><counter type="METHOD" missed="1" covered="0"/></method><method name="hasDifferentDigits" desc="(I)Z" line="223"><counter type="INSTRUCTION" missed="24" covered="0"/><counter type="BRANCH" missed="4" covered="0"/><counter type="LINE" missed="6" covered="0"/><counter type="COMPLEXITY" missed="3" covered="0"/><counter type="METHOD" missed="1" covered="0"/></method><method name="sin" desc="(DD)D" line="242"><counter type="INSTRUCTION" missed="47" covered="0"/><counter type="BRANCH" missed="2" covered="0"/><counter type="LINE" missed="10" covered="0"/><counter type="COMPLEXITY" missed="2" covered="0"/><counter type="METHOD" missed="1" covered="0"/></method><method name="cos" desc="(DD)D" line="266"><counter type="INSTRUCTION" missed="47" covered="0"/><counter type="BRANCH" missed="2" covered="0"/><counter type="LINE" missed="10" covered="0"/><counter type="COMPLEXITY" missed="2" covered="0"/><counter type="METHOD" missed="1" covered="0"/></method><method name="squareSequenceDigit" desc="(I)I" line="290"><counter type="INSTRUCTION" missed="63" covered="0"/><counter type="BRANCH" missed="2" covered="0"/><counter type="LINE" missed="9" covered="0"/><counter type="COMPLEXITY" missed="2" covered="0"/><counter type="METHOD" missed="1" covered="0"/></method><method name="fibSequenceDigit" desc="(I)I" line="314"><counter type="INSTRUCTION" missed="62" covered="0"/><counter type="BRANCH" missed="2" covered="0"/><counter type="LINE" missed="9" covered="0"/><counter type="COMPLEXITY" missed="2" covered="0"/><counter type="METHOD" missed="1" covered="0"/></method><counter type="INSTRUCTION" missed="575" covered="0"/><counter type="BRANCH" missed="82" covered="0"/><counter type="LINE" missed="108" covered="0"/><counter type="COMPLEXITY" missed="60" covered="0"/><counter type="METHOD" missed="19" covered="0"/><counter type="CLASS" missed="1" covered="0"/></class><sourcefile name="Loop.kt"><line nr="21" mi="2" ci="0" mb="0" cb="0"/><line nr="22" mi="11" ci="0" mb="4" cb="0"/><line nr="23" mi="5" ci="0" mb="0" cb="0"/><line nr="25" mi="2" ci="0" mb="0" cb="0"/><line nr="34" mi="5" ci="0" mb="2" cb="0"/><line nr="35" mi="5" ci="0" mb="2" cb="0"/><line nr="36" mi="6" ci="0" mb="2" cb="0"/><line nr="37" mi="23" ci="0" mb="4" cb="0"/><line nr="38" mi="6" ci="0" mb="2" cb="0"/><line nr="40" mi="2" ci="0" mb="0" cb="0"/><line nr="49" mi="2" ci="0" mb="0" cb="0"/><line nr="50" mi="15" ci="0" mb="4" cb="0"/><line nr="51" mi="5" ci="0" mb="2" cb="0"/><line nr="52" mi="4" ci="0" mb="0" cb="0"/><line nr="53" mi="4" ci="0" mb="2" cb="0"/><line nr="55" mi="7" ci="0" mb="2" cb="0"/><line nr="64" mi="1" ci="0" mb="0" cb="0"/><line nr="65" mi="5" ci="0" mb="2" cb="0"/><line nr="66" mi="5" ci="0" mb="2" cb="0"/><line nr="67" mi="11" ci="0" mb="0" cb="0"/><line nr="68" mi="1" ci="0" mb="0" cb="0"/><line nr="79" mi="2" ci="0" mb="0" cb="0"/><line nr="80" mi="2" ci="0" mb="0" cb="0"/><line nr="81" mi="4" ci="0" mb="2" cb="0"/><line nr="82" mi="2" ci="0" mb="2" cb="0"/><line nr="83" mi="6" ci="0" mb="0" cb="0"/><line nr="84" mi="5" ci="0" mb="0" cb="0"/><line nr="86" mi="2" ci="0" mb="0" cb="0"/><line nr="96" mi="2" ci="0" mb="0" cb="0"/><line nr="97" mi="2" ci="0" mb="0" cb="0"/><line nr="98" mi="4" ci="0" mb="0" cb="0"/><line nr="100" mi="5" ci="0" mb="2" cb="0"/><line nr="101" mi="4" ci="0" mb="0" cb="0"/><line nr="102" mi="2" ci="0" mb="0" cb="0"/><line nr="103" mi="2" ci="0" mb="0" cb="0"/><line nr="104" mi="7" ci="0" mb="0" cb="0"/><line nr="106" mi="2" ci="0" mb="0" cb="0"/><line nr="115" mi="20" ci="0" mb="8" cb="0"/><line nr="116" mi="2" ci="0" mb="0" cb="0"/><line nr="125" mi="22" ci="0" mb="8" cb="0"/><line nr="126" mi="2" ci="0" mb="0" cb="0"/><line nr="146" mi="2" ci="0" mb="0" cb="0"/><line nr="147" mi="2" ci="0" mb="0" cb="0"/><line nr="148" mi="3" ci="0" mb="2" cb="0"/><line nr="149" mi="6" ci="0" mb="0" cb="0"/><line nr="150" mi="4" ci="0" mb="2" cb="0"/><line nr="151" mi="5" ci="0" mb="0" cb="0"/><line nr="153" mi="7" ci="0" mb="0" cb="0"/><line nr="155" mi="2" ci="0" mb="0" cb="0"/><line nr="160" mi="2" ci="0" mb="0" cb="0"/><line nr="161" mi="2" ci="0" mb="0" cb="0"/><line nr="162" mi="4" ci="0" mb="4" cb="0"/><line nr="163" mi="13" ci="0" mb="2" cb="0"/><line nr="165" mi="4" ci="0" mb="0" cb="0"/><line nr="174" mi="8" ci="0" mb="0" cb="0"/><line nr="183" mi="9" ci="0" mb="2" cb="0"/><line nr="193" mi="2" ci="0" mb="0" cb="0"/><line nr="194" mi="2" ci="0" mb="0" cb="0"/><line nr="195" mi="2" ci="0" mb="2" cb="0"/><line nr="196" mi="6" ci="0" mb="0" cb="0"/><line nr="197" mi="4" ci="0" mb="0" cb="0"/><line nr="198" mi="7" ci="0" mb="2" cb="0"/><line nr="200" mi="2" ci="0" mb="0" cb="0"/><line nr="212" mi="8" ci="0" mb="2" cb="0"/><line nr="223" mi="4" ci="0" mb="0" cb="0"/><line nr="224" mi="4" ci="0" mb="0" cb="0"/><line nr="225" mi="2" ci="0" mb="2" cb="0"/><line nr="226" mi="7" ci="0" mb="2" cb="0"/><line nr="227" mi="5" ci="0" mb="0" cb="0"/><line nr="229" mi="2" ci="0" mb="0" cb="0"/><line nr="242" mi="2" ci="0" mb="0" cb="0"/><line nr="243" mi="4" ci="0" mb="0" cb="0"/><line nr="245" mi="2" ci="0" mb="0" cb="0"/><line nr="246" mi="4" ci="0" mb="0" cb="0"/><line nr="248" mi="17" ci="0" mb="0" cb="0"/><line nr="249" mi="6" ci="0" mb="0" cb="0"/><line nr="250" mi="1" ci="0" mb="0" cb="0"/><line nr="251" mi="4" ci="0" mb="0" cb="0"/><line nr="252" mi="5" ci="0" mb="2" cb="0"/><line nr="253" mi="2" ci="0" mb="0" cb="0"/><line nr="266" mi="2" ci="0" mb="0" cb="0"/><line nr="267" mi="4" ci="0" mb="0" cb="0"/><line nr="269" mi="2" ci="0" mb="0" cb="0"/><line nr="270" mi="4" ci="0" mb="0" cb="0"/><line nr="272" mi="17" ci="0" mb="0" cb="0"/><line nr="273" mi="6" ci="0" mb="0" cb="0"/><line nr="274" mi="1" ci="0" mb="0" cb="0"/><line nr="275" mi="4" ci="0" mb="0" cb="0"/><line nr="276" mi="5" ci="0" mb="2" cb="0"/><line nr="277" mi="2" ci="0" mb="0" cb="0"/><line nr="290" mi="4" ci="0" mb="0" cb="0"/><line nr="292" mi="4" ci="0" mb="0" cb="0"/><line nr="294" mi="1" ci="0" mb="0" cb="0"/><line nr="295" mi="4" ci="0" mb="0" cb="0"/><line nr="296" mi="5" ci="0" mb="0" cb="0"/><line nr="297" mi="4" ci="0" mb="0" cb="0"/><line nr="298" mi="26" ci="0" mb="2" cb="0"/><line nr="299" mi="8" ci="0" mb="0" cb="0"/><line nr="300" mi="7" ci="0" mb="0" cb="0"/><line nr="314" mi="4" ci="0" mb="0" cb="0"/><line nr="316" mi="4" ci="0" mb="0" cb="0"/><line nr="318" mi="1" ci="0" mb="0" cb="0"/><line nr="319" mi="3" ci="0" mb="0" cb="0"/><line nr="320" mi="5" ci="0" mb="0" cb="0"/><line nr="321" mi="4" ci="0" mb="0" cb="0"/><line nr="322" mi="26" ci="0" mb="2" cb="0"/><line nr="323" mi="8" ci="0" mb="0" cb="0"/><line nr="324" mi="7" ci="0" mb="0" cb="0"/><counter type="INSTRUCTION" missed="575" covered="0"/><counter type="BRANCH" missed="82" covered="0"/><counter type="LINE" missed="108" covered="0"/><counter type="COMPLEXITY" missed="60" covered="0"/><counter type="METHOD" missed="19" covered="0"/><counter type="CLASS" missed="1" covered="0"/></sourcefile><counter type="INSTRUCTION" missed="575" covered="0"/><counter type="BRANCH" missed="82" covered="0"/><counter type="LINE" missed="108" covered="0"/><counter type="COMPLEXITY" missed="60" covered="0"/><counter type="METHOD" missed="19" covered="0"/><counter type="CLASS" missed="1" covered="0"/></package><counter type="INSTRUCTION" missed="18721" covered="346"/><counter type="BRANCH" missed="2013" covered="32"/><counter type="LINE" missed="2210" covered="33"/><counter type="COMPLEXITY" missed="1498" covered="19"/><counter type="METHOD" missed="467" covered="5"/><counter type="CLASS" missed="73" covered="3"/></report>